2020-02-17 12:53:53.7707|INFO|Microsoft.EntityFrameworkCore.Infrastructure|Entity Framework Core 2.2.6-servicing-10079 initialized 'DBContext' using provider 'Microsoft.EntityFrameworkCore.SqlServer' with options: None
2020-02-17 12:54:57.5635|INFO|Microsoft.EntityFrameworkCore.Infrastructure|Entity Framework Core 2.2.6-servicing-10079 initialized 'DBContext' using provider 'Microsoft.EntityFrameworkCore.SqlServer' with options: None
2020-02-17 12:55:30.6366|INFO|Microsoft.EntityFrameworkCore.Infrastructure|Entity Framework Core 2.2.6-servicing-10079 initialized 'DBContext' using provider 'Microsoft.EntityFrameworkCore.SqlServer' with options: None
2020-02-17 12:55:49.5612|INFO|Microsoft.EntityFrameworkCore.Infrastructure|Entity Framework Core 2.2.6-servicing-10079 initialized 'DBContext' using provider 'Microsoft.EntityFrameworkCore.SqlServer' with options: None
2020-02-17 12:55:49.7210|INFO|Microsoft.EntityFrameworkCore.Database.Command|Executed DbCommand (7ms) [Parameters=[], CommandType='Text', CommandTimeout='30']
SELECT OBJECT_ID(N'[__EFMigrationsHistory]');
2020-02-17 12:55:49.7210|INFO|Microsoft.EntityFrameworkCore.Database.Command|Executed DbCommand (1ms) [Parameters=[], CommandType='Text', CommandTimeout='30']
SELECT OBJECT_ID(N'[__EFMigrationsHistory]');
2020-02-17 12:55:49.7210|INFO|Microsoft.EntityFrameworkCore.Database.Command|Executed DbCommand (2ms) [Parameters=[], CommandType='Text', CommandTimeout='30']
SELECT [MigrationId], [ProductVersion]
FROM [__EFMigrationsHistory]
ORDER BY [MigrationId];
2020-02-17 12:55:49.7354|INFO|Microsoft.EntityFrameworkCore.Migrations|Applying migration '20200217105530_Add Identity'.
2020-02-17 12:55:49.7969|INFO|Microsoft.EntityFrameworkCore.Database.Command|Executed DbCommand (18ms) [Parameters=[], CommandType='Text', CommandTimeout='30']
CREATE TABLE [AspNetRoles] (
    [Id] nvarchar(450) NOT NULL,
    [Name] nvarchar(256) NULL,
    [NormalizedName] nvarchar(256) NULL,
    [ConcurrencyStamp] nvarchar(max) NULL,
    CONSTRAINT [PK_AspNetRoles] PRIMARY KEY ([Id])
);
2020-02-17 12:55:49.7969|INFO|Microsoft.EntityFrameworkCore.Database.Command|Executed DbCommand (2ms) [Parameters=[], CommandType='Text', CommandTimeout='30']
CREATE TABLE [AspNetUsers] (
    [Id] nvarchar(450) NOT NULL,
    [UserName] nvarchar(256) NULL,
    [NormalizedUserName] nvarchar(256) NULL,
    [Email] nvarchar(256) NULL,
    [NormalizedEmail] nvarchar(256) NULL,
    [EmailConfirmed] bit NOT NULL,
    [PasswordHash] nvarchar(max) NULL,
    [SecurityStamp] nvarchar(max) NULL,
    [ConcurrencyStamp] nvarchar(max) NULL,
    [PhoneNumber] nvarchar(max) NULL,
    [PhoneNumberConfirmed] bit NOT NULL,
    [TwoFactorEnabled] bit NOT NULL,
    [LockoutEnd] datetimeoffset NULL,
    [LockoutEnabled] bit NOT NULL,
    [AccessFailedCount] int NOT NULL,
    CONSTRAINT [PK_AspNetUsers] PRIMARY KEY ([Id])
);
2020-02-17 12:55:49.8652|ERROR|Microsoft.EntityFrameworkCore.Database.Command|Failed executing DbCommand (20ms) [Parameters=[], CommandType='Text', CommandTimeout='30']
CREATE TABLE [Categories] (
    [Id] int NOT NULL IDENTITY,
    [Name] nvarchar(max) NULL,
    [Description] nvarchar(max) NULL,
    CONSTRAINT [PK_Categories] PRIMARY KEY ([Id])
);
2020-02-17 13:02:21.1651|INFO|Microsoft.EntityFrameworkCore.Infrastructure|Entity Framework Core 2.2.6-servicing-10079 initialized 'DBContext' using provider 'Microsoft.EntityFrameworkCore.SqlServer' with options: None
2020-02-17 13:03:01.3741|INFO|Microsoft.EntityFrameworkCore.Infrastructure|Entity Framework Core 2.2.6-servicing-10079 initialized 'DBContext' using provider 'Microsoft.EntityFrameworkCore.SqlServer' with options: None
2020-02-17 13:03:15.3675|INFO|Microsoft.EntityFrameworkCore.Infrastructure|Entity Framework Core 2.2.6-servicing-10079 initialized 'DBContext' using provider 'Microsoft.EntityFrameworkCore.SqlServer' with options: None
2020-02-17 13:03:26.0564|INFO|Microsoft.EntityFrameworkCore.Database.Command|Executed DbCommand (447ms) [Parameters=[], CommandType='Text', CommandTimeout='60']
CREATE DATABASE [TravelAgency];
2020-02-17 13:03:26.1644|INFO|Microsoft.EntityFrameworkCore.Database.Command|Executed DbCommand (103ms) [Parameters=[], CommandType='Text', CommandTimeout='60']
IF SERVERPROPERTY('EngineEdition') <> 5
BEGIN
    ALTER DATABASE [TravelAgency] SET READ_COMMITTED_SNAPSHOT ON;
END;
2020-02-17 13:03:26.2282|INFO|Microsoft.EntityFrameworkCore.Database.Command|Executed DbCommand (10ms) [Parameters=[], CommandType='Text', CommandTimeout='30']
CREATE TABLE [__EFMigrationsHistory] (
    [MigrationId] nvarchar(150) NOT NULL,
    [ProductVersion] nvarchar(32) NOT NULL,
    CONSTRAINT [PK___EFMigrationsHistory] PRIMARY KEY ([MigrationId])
);
2020-02-17 13:03:26.2282|INFO|Microsoft.EntityFrameworkCore.Database.Command|Executed DbCommand (3ms) [Parameters=[], CommandType='Text', CommandTimeout='30']
SELECT OBJECT_ID(N'[__EFMigrationsHistory]');
2020-02-17 13:03:26.2355|INFO|Microsoft.EntityFrameworkCore.Database.Command|Executed DbCommand (2ms) [Parameters=[], CommandType='Text', CommandTimeout='30']
SELECT [MigrationId], [ProductVersion]
FROM [__EFMigrationsHistory]
ORDER BY [MigrationId];
2020-02-17 13:03:26.2355|INFO|Microsoft.EntityFrameworkCore.Migrations|Applying migration '20200217110301_Add tblTours and tblCategories'.
2020-02-17 13:03:26.2593|INFO|Microsoft.EntityFrameworkCore.Database.Command|Executed DbCommand (2ms) [Parameters=[], CommandType='Text', CommandTimeout='30']
CREATE TABLE [Categories] (
    [Id] int NOT NULL IDENTITY,
    [Name] nvarchar(max) NULL,
    [Description] nvarchar(max) NULL,
    CONSTRAINT [PK_Categories] PRIMARY KEY ([Id])
);
2020-02-17 13:03:26.2593|INFO|Microsoft.EntityFrameworkCore.Database.Command|Executed DbCommand (3ms) [Parameters=[], CommandType='Text', CommandTimeout='30']
CREATE TABLE [Tours] (
    [Id] int NOT NULL IDENTITY,
    [Name] nvarchar(300) NOT NULL,
    [Img] nvarchar(max) NULL,
    [ImgLarge] nvarchar(max) NULL,
    [Description] nvarchar(1000) NOT NULL,
    [DepartureTown] nvarchar(30) NOT NULL,
    [Period] int NOT NULL,
    [IsNightCrossing] bit NOT NULL,
    [Countries] nvarchar(300) NOT NULL,
    [Price] int NOT NULL,
    [DepartureDate] nvarchar(max) NOT NULL,
    [isFavorite] bit NOT NULL,
    [CategoryId] int NULL,
    CONSTRAINT [PK_Tours] PRIMARY KEY ([Id]),
    CONSTRAINT [FK_Tours_Categories_CategoryId] FOREIGN KEY ([CategoryId]) REFERENCES [Categories] ([Id]) ON DELETE NO ACTION
);
2020-02-17 13:03:26.4143|INFO|Microsoft.EntityFrameworkCore.Database.Command|Executed DbCommand (2ms) [Parameters=[], CommandType='Text', CommandTimeout='30']
CREATE INDEX [IX_Tours_CategoryId] ON [Tours] ([CategoryId]);
2020-02-17 13:03:26.4143|INFO|Microsoft.EntityFrameworkCore.Database.Command|Executed DbCommand (2ms) [Parameters=[], CommandType='Text', CommandTimeout='30']
INSERT INTO [__EFMigrationsHistory] ([MigrationId], [ProductVersion])
VALUES (N'20200217110301_Add tblTours and tblCategories', N'2.2.6-servicing-10079');
2020-02-17 13:04:12.4187|INFO|Microsoft.EntityFrameworkCore.Infrastructure|Entity Framework Core 2.2.6-servicing-10079 initialized 'DBContext' using provider 'Microsoft.EntityFrameworkCore.SqlServer' with options: None
2020-02-17 13:04:19.0879|INFO|Microsoft.EntityFrameworkCore.Infrastructure|Entity Framework Core 2.2.6-servicing-10079 initialized 'DBContext' using provider 'Microsoft.EntityFrameworkCore.SqlServer' with options: None
2020-02-17 13:04:19.3073|INFO|Microsoft.EntityFrameworkCore.Database.Command|Executed DbCommand (12ms) [Parameters=[], CommandType='Text', CommandTimeout='30']
SELECT OBJECT_ID(N'[__EFMigrationsHistory]');
2020-02-17 13:04:19.3118|INFO|Microsoft.EntityFrameworkCore.Database.Command|Executed DbCommand (1ms) [Parameters=[], CommandType='Text', CommandTimeout='30']
SELECT OBJECT_ID(N'[__EFMigrationsHistory]');
2020-02-17 13:04:19.3118|INFO|Microsoft.EntityFrameworkCore.Database.Command|Executed DbCommand (2ms) [Parameters=[], CommandType='Text', CommandTimeout='30']
SELECT [MigrationId], [ProductVersion]
FROM [__EFMigrationsHistory]
ORDER BY [MigrationId];
2020-02-17 13:04:19.3118|INFO|Microsoft.EntityFrameworkCore.Migrations|Applying migration '20200217110412_Add Identity'.
2020-02-17 13:04:19.3717|INFO|Microsoft.EntityFrameworkCore.Database.Command|Executed DbCommand (4ms) [Parameters=[], CommandType='Text', CommandTimeout='30']
CREATE TABLE [AspNetRoles] (
    [Id] nvarchar(450) NOT NULL,
    [Name] nvarchar(256) NULL,
    [NormalizedName] nvarchar(256) NULL,
    [ConcurrencyStamp] nvarchar(max) NULL,
    CONSTRAINT [PK_AspNetRoles] PRIMARY KEY ([Id])
);
2020-02-17 13:04:19.3746|INFO|Microsoft.EntityFrameworkCore.Database.Command|Executed DbCommand (2ms) [Parameters=[], CommandType='Text', CommandTimeout='30']
CREATE TABLE [AspNetUsers] (
    [Id] nvarchar(450) NOT NULL,
    [UserName] nvarchar(256) NULL,
    [NormalizedUserName] nvarchar(256) NULL,
    [Email] nvarchar(256) NULL,
    [NormalizedEmail] nvarchar(256) NULL,
    [EmailConfirmed] bit NOT NULL,
    [PasswordHash] nvarchar(max) NULL,
    [SecurityStamp] nvarchar(max) NULL,
    [ConcurrencyStamp] nvarchar(max) NULL,
    [PhoneNumber] nvarchar(max) NULL,
    [PhoneNumberConfirmed] bit NOT NULL,
    [TwoFactorEnabled] bit NOT NULL,
    [LockoutEnd] datetimeoffset NULL,
    [LockoutEnabled] bit NOT NULL,
    [AccessFailedCount] int NOT NULL,
    CONSTRAINT [PK_AspNetUsers] PRIMARY KEY ([Id])
);
2020-02-17 13:04:19.3746|INFO|Microsoft.EntityFrameworkCore.Database.Command|Executed DbCommand (3ms) [Parameters=[], CommandType='Text', CommandTimeout='30']
CREATE TABLE [AspNetRoleClaims] (
    [Id] int NOT NULL IDENTITY,
    [RoleId] nvarchar(450) NOT NULL,
    [ClaimType] nvarchar(max) NULL,
    [ClaimValue] nvarchar(max) NULL,
    CONSTRAINT [PK_AspNetRoleClaims] PRIMARY KEY ([Id]),
    CONSTRAINT [FK_AspNetRoleClaims_AspNetRoles_RoleId] FOREIGN KEY ([RoleId]) REFERENCES [AspNetRoles] ([Id]) ON DELETE CASCADE
);
2020-02-17 13:04:19.4161|INFO|Microsoft.EntityFrameworkCore.Database.Command|Executed DbCommand (4ms) [Parameters=[], CommandType='Text', CommandTimeout='30']
CREATE TABLE [AspNetUserClaims] (
    [Id] int NOT NULL IDENTITY,
    [UserId] nvarchar(450) NOT NULL,
    [ClaimType] nvarchar(max) NULL,
    [ClaimValue] nvarchar(max) NULL,
    CONSTRAINT [PK_AspNetUserClaims] PRIMARY KEY ([Id]),
    CONSTRAINT [FK_AspNetUserClaims_AspNetUsers_UserId] FOREIGN KEY ([UserId]) REFERENCES [AspNetUsers] ([Id]) ON DELETE CASCADE
);
2020-02-17 13:04:19.4207|INFO|Microsoft.EntityFrameworkCore.Database.Command|Executed DbCommand (4ms) [Parameters=[], CommandType='Text', CommandTimeout='30']
CREATE TABLE [AspNetUserLogins] (
    [LoginProvider] nvarchar(450) NOT NULL,
    [ProviderKey] nvarchar(450) NOT NULL,
    [ProviderDisplayName] nvarchar(max) NULL,
    [UserId] nvarchar(450) NOT NULL,
    CONSTRAINT [PK_AspNetUserLogins] PRIMARY KEY ([LoginProvider], [ProviderKey]),
    CONSTRAINT [FK_AspNetUserLogins_AspNetUsers_UserId] FOREIGN KEY ([UserId]) REFERENCES [AspNetUsers] ([Id]) ON DELETE CASCADE
);
2020-02-17 13:04:19.4207|INFO|Microsoft.EntityFrameworkCore.Database.Command|Executed DbCommand (4ms) [Parameters=[], CommandType='Text', CommandTimeout='30']
CREATE TABLE [AspNetUserRoles] (
    [UserId] nvarchar(450) NOT NULL,
    [RoleId] nvarchar(450) NOT NULL,
    CONSTRAINT [PK_AspNetUserRoles] PRIMARY KEY ([UserId], [RoleId]),
    CONSTRAINT [FK_AspNetUserRoles_AspNetRoles_RoleId] FOREIGN KEY ([RoleId]) REFERENCES [AspNetRoles] ([Id]) ON DELETE CASCADE,
    CONSTRAINT [FK_AspNetUserRoles_AspNetUsers_UserId] FOREIGN KEY ([UserId]) REFERENCES [AspNetUsers] ([Id]) ON DELETE CASCADE
);
2020-02-17 13:04:20.8952|INFO|Microsoft.EntityFrameworkCore.Database.Command|Executed DbCommand (8ms) [Parameters=[], CommandType='Text', CommandTimeout='30']
CREATE TABLE [AspNetUserTokens] (
    [UserId] nvarchar(450) NOT NULL,
    [LoginProvider] nvarchar(450) NOT NULL,
    [Name] nvarchar(450) NOT NULL,
    [Value] nvarchar(max) NULL,
    CONSTRAINT [PK_AspNetUserTokens] PRIMARY KEY ([UserId], [LoginProvider], [Name]),
    CONSTRAINT [FK_AspNetUserTokens_AspNetUsers_UserId] FOREIGN KEY ([UserId]) REFERENCES [AspNetUsers] ([Id]) ON DELETE CASCADE
);
2020-02-17 13:04:20.8952|INFO|Microsoft.EntityFrameworkCore.Database.Command|Executed DbCommand (3ms) [Parameters=[], CommandType='Text', CommandTimeout='30']
CREATE INDEX [IX_AspNetRoleClaims_RoleId] ON [AspNetRoleClaims] ([RoleId]);
2020-02-17 13:04:20.9066|INFO|Microsoft.EntityFrameworkCore.Database.Command|Executed DbCommand (4ms) [Parameters=[], CommandType='Text', CommandTimeout='30']
CREATE UNIQUE INDEX [RoleNameIndex] ON [AspNetRoles] ([NormalizedName]) WHERE [NormalizedName] IS NOT NULL;
2020-02-17 13:04:20.9066|INFO|Microsoft.EntityFrameworkCore.Database.Command|Executed DbCommand (6ms) [Parameters=[], CommandType='Text', CommandTimeout='30']
CREATE INDEX [IX_AspNetUserClaims_UserId] ON [AspNetUserClaims] ([UserId]);
2020-02-17 13:04:20.9201|INFO|Microsoft.EntityFrameworkCore.Database.Command|Executed DbCommand (3ms) [Parameters=[], CommandType='Text', CommandTimeout='30']
CREATE INDEX [IX_AspNetUserLogins_UserId] ON [AspNetUserLogins] ([UserId]);
2020-02-17 13:04:20.9201|INFO|Microsoft.EntityFrameworkCore.Database.Command|Executed DbCommand (3ms) [Parameters=[], CommandType='Text', CommandTimeout='30']
CREATE INDEX [IX_AspNetUserRoles_RoleId] ON [AspNetUserRoles] ([RoleId]);
2020-02-17 13:04:20.9201|INFO|Microsoft.EntityFrameworkCore.Database.Command|Executed DbCommand (1ms) [Parameters=[], CommandType='Text', CommandTimeout='30']
CREATE INDEX [EmailIndex] ON [AspNetUsers] ([NormalizedEmail]);
2020-02-17 13:04:20.9201|INFO|Microsoft.EntityFrameworkCore.Database.Command|Executed DbCommand (1ms) [Parameters=[], CommandType='Text', CommandTimeout='30']
CREATE UNIQUE INDEX [UserNameIndex] ON [AspNetUsers] ([NormalizedUserName]) WHERE [NormalizedUserName] IS NOT NULL;
2020-02-17 13:04:22.1042|INFO|Microsoft.EntityFrameworkCore.Database.Command|Executed DbCommand (3ms) [Parameters=[], CommandType='Text', CommandTimeout='30']
INSERT INTO [__EFMigrationsHistory] ([MigrationId], [ProductVersion])
VALUES (N'20200217110412_Add Identity', N'2.2.6-servicing-10079');
2020-02-17 14:22:27.2448|ERROR|Microsoft.AspNetCore.Diagnostics.ExceptionHandlerMiddleware|An unhandled exception has occurred while executing the request.
2020-02-17 14:23:50.6184|ERROR|Microsoft.AspNetCore.Diagnostics.ExceptionHandlerMiddleware|An unhandled exception has occurred while executing the request.
2020-02-17 14:25:21.6093|ERROR|Microsoft.AspNetCore.Diagnostics.ExceptionHandlerMiddleware|An unhandled exception has occurred while executing the request.
2020-02-17 14:26:53.3898|ERROR|Microsoft.AspNetCore.Diagnostics.ExceptionHandlerMiddleware|An unhandled exception has occurred while executing the request.
2020-02-17 14:28:39.7944|INFO|Microsoft.AspNetCore.DataProtection.KeyManagement.XmlKeyManager|User profile is available. Using 'C:\Users\admin\AppData\Local\ASP.NET\DataProtection-Keys' as key repository and Windows DPAPI to encrypt keys at rest.
2020-02-17 14:28:40.6864|INFO|Microsoft.EntityFrameworkCore.Infrastructure|Entity Framework Core 2.2.6-servicing-10079 initialized 'DBContext' using provider 'Microsoft.EntityFrameworkCore.SqlServer' with options: None
2020-02-17 14:28:41.0516|INFO|Microsoft.EntityFrameworkCore.Database.Command|Executed DbCommand (82ms) [Parameters=[], CommandType='Text', CommandTimeout='30']
SELECT CASE
    WHEN EXISTS (
        SELECT 1
        FROM [Categories] AS [c])
    THEN CAST(1 AS BIT) ELSE CAST(0 AS BIT)
END
2020-02-17 14:28:41.1581|INFO|Microsoft.EntityFrameworkCore.Database.Command|Executed DbCommand (24ms) [Parameters=[@__model_Name_0='?' (Size = 300)], CommandType='Text', CommandTimeout='30']
SELECT TOP(2) [t].[Id], [t].[CategoryId], [t].[Countries], [t].[DepartureDate], [t].[DepartureTown], [t].[Description], [t].[Img], [t].[ImgLarge], [t].[IsNightCrossing], [t].[Name], [t].[Period], [t].[Price], [t].[isFavorite]
FROM [Tours] AS [t]
WHERE [t].[Name] = @__model_Name_0
2020-02-17 14:28:41.2498|INFO|Microsoft.EntityFrameworkCore.Database.Command|Executed DbCommand (19ms) [Parameters=[@__model_Name_0='?' (Size = 300)], CommandType='Text', CommandTimeout='30']
SELECT TOP(2) [t].[Id], [t].[CategoryId], [t].[Countries], [t].[DepartureDate], [t].[DepartureTown], [t].[Description], [t].[Img], [t].[ImgLarge], [t].[IsNightCrossing], [t].[Name], [t].[Period], [t].[Price], [t].[isFavorite]
FROM [Tours] AS [t]
WHERE [t].[Name] = @__model_Name_0
2020-02-17 14:28:41.2735|INFO|Microsoft.EntityFrameworkCore.Database.Command|Executed DbCommand (19ms) [Parameters=[@__model_Name_0='?' (Size = 300)], CommandType='Text', CommandTimeout='30']
SELECT TOP(2) [t].[Id], [t].[CategoryId], [t].[Countries], [t].[DepartureDate], [t].[DepartureTown], [t].[Description], [t].[Img], [t].[ImgLarge], [t].[IsNightCrossing], [t].[Name], [t].[Period], [t].[Price], [t].[isFavorite]
FROM [Tours] AS [t]
WHERE [t].[Name] = @__model_Name_0
2020-02-17 14:28:41.2956|INFO|Microsoft.EntityFrameworkCore.Database.Command|Executed DbCommand (19ms) [Parameters=[@__model_Name_0='?' (Size = 300)], CommandType='Text', CommandTimeout='30']
SELECT TOP(2) [t].[Id], [t].[CategoryId], [t].[Countries], [t].[DepartureDate], [t].[DepartureTown], [t].[Description], [t].[Img], [t].[ImgLarge], [t].[IsNightCrossing], [t].[Name], [t].[Period], [t].[Price], [t].[isFavorite]
FROM [Tours] AS [t]
WHERE [t].[Name] = @__model_Name_0
2020-02-17 14:28:41.3157|INFO|Microsoft.EntityFrameworkCore.Database.Command|Executed DbCommand (17ms) [Parameters=[@__model_Name_0='?' (Size = 300)], CommandType='Text', CommandTimeout='30']
SELECT TOP(2) [t].[Id], [t].[CategoryId], [t].[Countries], [t].[DepartureDate], [t].[DepartureTown], [t].[Description], [t].[Img], [t].[ImgLarge], [t].[IsNightCrossing], [t].[Name], [t].[Period], [t].[Price], [t].[isFavorite]
FROM [Tours] AS [t]
WHERE [t].[Name] = @__model_Name_0
2020-02-17 14:28:41.3349|INFO|Microsoft.EntityFrameworkCore.Database.Command|Executed DbCommand (16ms) [Parameters=[@__model_Name_0='?' (Size = 300)], CommandType='Text', CommandTimeout='30']
SELECT TOP(2) [t].[Id], [t].[CategoryId], [t].[Countries], [t].[DepartureDate], [t].[DepartureTown], [t].[Description], [t].[Img], [t].[ImgLarge], [t].[IsNightCrossing], [t].[Name], [t].[Period], [t].[Price], [t].[isFavorite]
FROM [Tours] AS [t]
WHERE [t].[Name] = @__model_Name_0
2020-02-17 14:28:41.3529|INFO|Microsoft.EntityFrameworkCore.Database.Command|Executed DbCommand (14ms) [Parameters=[@__model_Name_0='?' (Size = 300)], CommandType='Text', CommandTimeout='30']
SELECT TOP(2) [t].[Id], [t].[CategoryId], [t].[Countries], [t].[DepartureDate], [t].[DepartureTown], [t].[Description], [t].[Img], [t].[ImgLarge], [t].[IsNightCrossing], [t].[Name], [t].[Period], [t].[Price], [t].[isFavorite]
FROM [Tours] AS [t]
WHERE [t].[Name] = @__model_Name_0
2020-02-17 14:28:41.3710|INFO|Microsoft.EntityFrameworkCore.Database.Command|Executed DbCommand (15ms) [Parameters=[@__model_Name_0='?' (Size = 300)], CommandType='Text', CommandTimeout='30']
SELECT TOP(2) [t].[Id], [t].[CategoryId], [t].[Countries], [t].[DepartureDate], [t].[DepartureTown], [t].[Description], [t].[Img], [t].[ImgLarge], [t].[IsNightCrossing], [t].[Name], [t].[Period], [t].[Price], [t].[isFavorite]
FROM [Tours] AS [t]
WHERE [t].[Name] = @__model_Name_0
2020-02-17 14:28:42.3332|INFO|Microsoft.AspNetCore.Hosting.Internal.WebHost|Request starting HTTP/1.1 GET http://localhost:5000/  
2020-02-17 14:28:42.4284|INFO|Microsoft.AspNetCore.Routing.EndpointMiddleware|Executing endpoint 'MVCTravelAgency.Controllers.HomeController.Index (MVCTravelAgency)'
2020-02-17 14:28:42.4502|INFO|Microsoft.AspNetCore.Mvc.Internal.ControllerActionInvoker|Route matched with {action = "Index", controller = "Home"}. Executing controller action with signature Microsoft.AspNetCore.Mvc.IActionResult Index() on controller MVCTravelAgency.Controllers.HomeController (MVCTravelAgency).
2020-02-17 14:28:42.5224|INFO|Microsoft.AspNetCore.Mvc.Internal.ControllerActionInvoker|Executing action method MVCTravelAgency.Controllers.HomeController.Index (MVCTravelAgency) - Validation state: Valid
2020-02-17 14:28:42.5224|INFO|Microsoft.AspNetCore.Mvc.Internal.ControllerActionInvoker|Executed action method MVCTravelAgency.Controllers.HomeController.Index (MVCTravelAgency), returned result Microsoft.AspNetCore.Mvc.ViewResult in 1.2282ms.
2020-02-17 14:28:42.5576|INFO|Microsoft.AspNetCore.Mvc.ViewFeatures.ViewResultExecutor|Executing ViewResult, running view Index.
2020-02-17 14:28:42.7032|INFO|Microsoft.AspNetCore.Mvc.ViewFeatures.ViewResultExecutor|Executed ViewResult - view Index executed in 160.0396ms.
2020-02-17 14:28:42.7279|INFO|Microsoft.AspNetCore.Mvc.Internal.ControllerActionInvoker|Executed action MVCTravelAgency.Controllers.HomeController.Index (MVCTravelAgency) in 252.0043ms
2020-02-17 14:28:42.7995|INFO|Microsoft.AspNetCore.Routing.EndpointMiddleware|Executed endpoint 'MVCTravelAgency.Controllers.HomeController.Index (MVCTravelAgency)'
2020-02-17 14:28:42.7995|INFO|Microsoft.AspNetCore.Hosting.Internal.WebHost|Request starting HTTP/1.1 GET http://localhost:5000/lib/jquery/dist/jquery.js  
2020-02-17 14:28:42.8182|INFO|Microsoft.AspNetCore.Hosting.Internal.WebHost|Request starting HTTP/1.1 GET http://localhost:5000/lib/bootstrap/dist/js/bootstrap.bundle.js  
2020-02-17 14:28:42.8284|INFO|Microsoft.AspNetCore.Hosting.Internal.WebHost|Request starting HTTP/1.1 GET http://localhost:5000/lib/bootstrap/dist/css/bootstrap.css  
2020-02-17 14:28:42.9098|INFO|Microsoft.AspNetCore.Hosting.Internal.WebHost|Request finished in 496.0072ms 200 text/html; charset=utf-8
2020-02-17 14:28:42.9638|INFO|Microsoft.AspNetCore.StaticFiles.StaticFileMiddleware|Sending file. Request path: '/lib/bootstrap/dist/css/bootstrap.css'. Physical path: 'C:\Users\admin\Documents\Visual Studio 2017\Projects\MVCTravelAgency\MVCTravelAgency\wwwroot\lib\bootstrap\dist\css\bootstrap.css'
2020-02-17 14:28:42.9680|INFO|Microsoft.AspNetCore.StaticFiles.StaticFileMiddleware|Sending file. Request path: '/lib/bootstrap/dist/js/bootstrap.bundle.js'. Physical path: 'C:\Users\admin\Documents\Visual Studio 2017\Projects\MVCTravelAgency\MVCTravelAgency\wwwroot\lib\bootstrap\dist\js\bootstrap.bundle.js'
2020-02-17 14:28:42.9680|INFO|Microsoft.AspNetCore.Hosting.Internal.WebHost|Request finished in 183.7389ms 200 text/css
2020-02-17 14:28:42.9680|INFO|Microsoft.AspNetCore.Hosting.Internal.WebHost|Request finished in 177.0922ms 200 application/javascript
2020-02-17 14:28:42.9960|INFO|Microsoft.AspNetCore.StaticFiles.StaticFileMiddleware|Sending file. Request path: '/lib/jquery/dist/jquery.js'. Physical path: 'C:\Users\admin\Documents\Visual Studio 2017\Projects\MVCTravelAgency\MVCTravelAgency\wwwroot\lib\jquery\dist\jquery.js'
2020-02-17 14:28:43.0200|INFO|Microsoft.AspNetCore.Hosting.Internal.WebHost|Request finished in 203.2798ms 200 application/javascript
2020-02-17 14:28:46.9939|INFO|Microsoft.AspNetCore.Hosting.Internal.WebHost|Request starting HTTP/1.1 GET http://localhost:5000/Account/Register  
2020-02-17 14:28:47.0041|INFO|Microsoft.AspNetCore.Routing.EndpointMiddleware|Executing endpoint 'MVCTravelAgency.Controllers.AccountController.Register (MVCTravelAgency)'
2020-02-17 14:28:47.0041|INFO|Microsoft.AspNetCore.Mvc.Internal.ControllerActionInvoker|Route matched with {action = "Register", controller = "Account"}. Executing controller action with signature Microsoft.AspNetCore.Mvc.IActionResult Register() on controller MVCTravelAgency.Controllers.AccountController (MVCTravelAgency).
2020-02-17 14:28:47.0171|INFO|Microsoft.AspNetCore.Mvc.Internal.ControllerActionInvoker|Executed action MVCTravelAgency.Controllers.AccountController.Register (MVCTravelAgency) in 2.2686ms
2020-02-17 14:28:47.0171|INFO|Microsoft.AspNetCore.Routing.EndpointMiddleware|Executed endpoint 'MVCTravelAgency.Controllers.AccountController.Register (MVCTravelAgency)'
2020-02-17 14:28:47.0891|ERROR|Microsoft.AspNetCore.Diagnostics.DeveloperExceptionPageMiddleware|An unhandled exception has occurred while executing the request.
2020-02-17 14:28:47.1701|INFO|Microsoft.AspNetCore.Hosting.Internal.WebHost|Request finished in 163.3255ms 500 text/html; charset=utf-8
2020-02-17 14:29:12.7846|INFO|Microsoft.AspNetCore.DataProtection.KeyManagement.XmlKeyManager|User profile is available. Using 'C:\Users\admin\AppData\Local\ASP.NET\DataProtection-Keys' as key repository and Windows DPAPI to encrypt keys at rest.
2020-02-17 14:29:14.0083|INFO|Microsoft.EntityFrameworkCore.Infrastructure|Entity Framework Core 2.2.6-servicing-10079 initialized 'DBContext' using provider 'Microsoft.EntityFrameworkCore.SqlServer' with options: None
2020-02-17 14:29:14.3316|INFO|Microsoft.EntityFrameworkCore.Database.Command|Executed DbCommand (64ms) [Parameters=[], CommandType='Text', CommandTimeout='30']
SELECT CASE
    WHEN EXISTS (
        SELECT 1
        FROM [Categories] AS [c])
    THEN CAST(1 AS BIT) ELSE CAST(0 AS BIT)
END
2020-02-17 14:29:14.4096|INFO|Microsoft.EntityFrameworkCore.Database.Command|Executed DbCommand (22ms) [Parameters=[@__model_Name_0='?' (Size = 300)], CommandType='Text', CommandTimeout='30']
SELECT TOP(2) [t].[Id], [t].[CategoryId], [t].[Countries], [t].[DepartureDate], [t].[DepartureTown], [t].[Description], [t].[Img], [t].[ImgLarge], [t].[IsNightCrossing], [t].[Name], [t].[Period], [t].[Price], [t].[isFavorite]
FROM [Tours] AS [t]
WHERE [t].[Name] = @__model_Name_0
2020-02-17 14:29:14.4845|INFO|Microsoft.EntityFrameworkCore.Database.Command|Executed DbCommand (19ms) [Parameters=[@__model_Name_0='?' (Size = 300)], CommandType='Text', CommandTimeout='30']
SELECT TOP(2) [t].[Id], [t].[CategoryId], [t].[Countries], [t].[DepartureDate], [t].[DepartureTown], [t].[Description], [t].[Img], [t].[ImgLarge], [t].[IsNightCrossing], [t].[Name], [t].[Period], [t].[Price], [t].[isFavorite]
FROM [Tours] AS [t]
WHERE [t].[Name] = @__model_Name_0
2020-02-17 14:29:14.5061|INFO|Microsoft.EntityFrameworkCore.Database.Command|Executed DbCommand (16ms) [Parameters=[@__model_Name_0='?' (Size = 300)], CommandType='Text', CommandTimeout='30']
SELECT TOP(2) [t].[Id], [t].[CategoryId], [t].[Countries], [t].[DepartureDate], [t].[DepartureTown], [t].[Description], [t].[Img], [t].[ImgLarge], [t].[IsNightCrossing], [t].[Name], [t].[Period], [t].[Price], [t].[isFavorite]
FROM [Tours] AS [t]
WHERE [t].[Name] = @__model_Name_0
2020-02-17 14:29:14.5360|INFO|Microsoft.EntityFrameworkCore.Database.Command|Executed DbCommand (15ms) [Parameters=[@__model_Name_0='?' (Size = 300)], CommandType='Text', CommandTimeout='30']
SELECT TOP(2) [t].[Id], [t].[CategoryId], [t].[Countries], [t].[DepartureDate], [t].[DepartureTown], [t].[Description], [t].[Img], [t].[ImgLarge], [t].[IsNightCrossing], [t].[Name], [t].[Period], [t].[Price], [t].[isFavorite]
FROM [Tours] AS [t]
WHERE [t].[Name] = @__model_Name_0
2020-02-17 14:29:14.5575|INFO|Microsoft.EntityFrameworkCore.Database.Command|Executed DbCommand (18ms) [Parameters=[@__model_Name_0='?' (Size = 300)], CommandType='Text', CommandTimeout='30']
SELECT TOP(2) [t].[Id], [t].[CategoryId], [t].[Countries], [t].[DepartureDate], [t].[DepartureTown], [t].[Description], [t].[Img], [t].[ImgLarge], [t].[IsNightCrossing], [t].[Name], [t].[Period], [t].[Price], [t].[isFavorite]
FROM [Tours] AS [t]
WHERE [t].[Name] = @__model_Name_0
2020-02-17 14:29:14.5779|INFO|Microsoft.EntityFrameworkCore.Database.Command|Executed DbCommand (17ms) [Parameters=[@__model_Name_0='?' (Size = 300)], CommandType='Text', CommandTimeout='30']
SELECT TOP(2) [t].[Id], [t].[CategoryId], [t].[Countries], [t].[DepartureDate], [t].[DepartureTown], [t].[Description], [t].[Img], [t].[ImgLarge], [t].[IsNightCrossing], [t].[Name], [t].[Period], [t].[Price], [t].[isFavorite]
FROM [Tours] AS [t]
WHERE [t].[Name] = @__model_Name_0
2020-02-17 14:29:14.5957|INFO|Microsoft.EntityFrameworkCore.Database.Command|Executed DbCommand (15ms) [Parameters=[@__model_Name_0='?' (Size = 300)], CommandType='Text', CommandTimeout='30']
SELECT TOP(2) [t].[Id], [t].[CategoryId], [t].[Countries], [t].[DepartureDate], [t].[DepartureTown], [t].[Description], [t].[Img], [t].[ImgLarge], [t].[IsNightCrossing], [t].[Name], [t].[Period], [t].[Price], [t].[isFavorite]
FROM [Tours] AS [t]
WHERE [t].[Name] = @__model_Name_0
2020-02-17 14:29:14.6138|INFO|Microsoft.EntityFrameworkCore.Database.Command|Executed DbCommand (14ms) [Parameters=[@__model_Name_0='?' (Size = 300)], CommandType='Text', CommandTimeout='30']
SELECT TOP(2) [t].[Id], [t].[CategoryId], [t].[Countries], [t].[DepartureDate], [t].[DepartureTown], [t].[Description], [t].[Img], [t].[ImgLarge], [t].[IsNightCrossing], [t].[Name], [t].[Period], [t].[Price], [t].[isFavorite]
FROM [Tours] AS [t]
WHERE [t].[Name] = @__model_Name_0
2020-02-17 14:29:14.6938|INFO|Microsoft.AspNetCore.Hosting.Internal.WebHost|Request starting HTTP/1.1 GET http://localhost:60757/  
2020-02-17 14:29:14.7679|INFO|Microsoft.AspNetCore.Routing.EndpointMiddleware|Executing endpoint 'MVCTravelAgency.Controllers.HomeController.Index (MVCTravelAgency)'
2020-02-17 14:29:14.7815|INFO|Microsoft.AspNetCore.Mvc.Internal.ControllerActionInvoker|Route matched with {action = "Index", controller = "Home"}. Executing controller action with signature Microsoft.AspNetCore.Mvc.IActionResult Index() on controller MVCTravelAgency.Controllers.HomeController (MVCTravelAgency).
2020-02-17 14:29:14.8407|INFO|Microsoft.AspNetCore.Mvc.Internal.ControllerActionInvoker|Executing action method MVCTravelAgency.Controllers.HomeController.Index (MVCTravelAgency) - Validation state: Valid
2020-02-17 14:29:14.8466|INFO|Microsoft.AspNetCore.Mvc.Internal.ControllerActionInvoker|Executed action method MVCTravelAgency.Controllers.HomeController.Index (MVCTravelAgency), returned result Microsoft.AspNetCore.Mvc.ViewResult in 0.7758ms.
2020-02-17 14:29:14.8704|INFO|Microsoft.AspNetCore.Mvc.ViewFeatures.ViewResultExecutor|Executing ViewResult, running view Index.
2020-02-17 14:29:15.0655|INFO|Microsoft.AspNetCore.Mvc.ViewFeatures.ViewResultExecutor|Executed ViewResult - view Index executed in 207.6176ms.
2020-02-17 14:29:15.0655|INFO|Microsoft.AspNetCore.Mvc.Internal.ControllerActionInvoker|Executed action MVCTravelAgency.Controllers.HomeController.Index (MVCTravelAgency) in 286.7838ms
2020-02-17 14:29:15.1257|INFO|Microsoft.AspNetCore.Routing.EndpointMiddleware|Executed endpoint 'MVCTravelAgency.Controllers.HomeController.Index (MVCTravelAgency)'
2020-02-17 14:29:15.2317|INFO|Microsoft.AspNetCore.Hosting.Internal.WebHost|Request finished in 488.9522ms 200 text/html; charset=utf-8
2020-02-17 14:29:15.2963|INFO|Microsoft.AspNetCore.Hosting.Internal.WebHost|Request starting HTTP/1.1 GET http://localhost:60757/css/main.css  
2020-02-17 14:29:15.4069|INFO|Microsoft.AspNetCore.StaticFiles.StaticFileMiddleware|Sending file. Request path: '/css/main.css'. Physical path: 'C:\Users\admin\Documents\Visual Studio 2017\Projects\MVCTravelAgency\MVCTravelAgency\wwwroot\css\main.css'
2020-02-17 14:29:15.4329|INFO|Microsoft.AspNetCore.Hosting.Internal.WebHost|Request finished in 146.0707ms 200 text/css
2020-02-17 14:29:15.5824|INFO|Microsoft.AspNetCore.Hosting.Internal.WebHost|Request starting HTTP/1.1 GET http://localhost:60757/img/back.jpg  
2020-02-17 14:29:15.6262|INFO|Microsoft.AspNetCore.StaticFiles.StaticFileMiddleware|Sending file. Request path: '/img/back.jpg'. Physical path: 'C:\Users\admin\Documents\Visual Studio 2017\Projects\MVCTravelAgency\MVCTravelAgency\wwwroot\img\back.jpg'
2020-02-17 14:29:15.6262|INFO|Microsoft.AspNetCore.Hosting.Internal.WebHost|Request finished in 50.4137ms 200 image/jpeg
2020-02-17 14:29:16.8310|INFO|Microsoft.AspNetCore.Hosting.Internal.WebHost|Request starting HTTP/1.1 GET http://localhost:60757/Account/Register  
2020-02-17 14:29:16.8310|INFO|Microsoft.AspNetCore.Routing.EndpointMiddleware|Executing endpoint 'MVCTravelAgency.Controllers.AccountController.Register (MVCTravelAgency)'
2020-02-17 14:29:16.8593|INFO|Microsoft.AspNetCore.Mvc.Internal.ControllerActionInvoker|Route matched with {action = "Register", controller = "Account"}. Executing controller action with signature Microsoft.AspNetCore.Mvc.IActionResult Register() on controller MVCTravelAgency.Controllers.AccountController (MVCTravelAgency).
2020-02-17 14:29:16.8593|INFO|Microsoft.AspNetCore.Mvc.Internal.ControllerActionInvoker|Executed action MVCTravelAgency.Controllers.AccountController.Register (MVCTravelAgency) in 2.8749ms
2020-02-17 14:29:16.8751|INFO|Microsoft.AspNetCore.Routing.EndpointMiddleware|Executed endpoint 'MVCTravelAgency.Controllers.AccountController.Register (MVCTravelAgency)'
2020-02-17 14:29:16.9228|ERROR|Microsoft.AspNetCore.Diagnostics.DeveloperExceptionPageMiddleware|An unhandled exception has occurred while executing the request.
2020-02-17 14:29:17.0149|INFO|Microsoft.AspNetCore.Hosting.Internal.WebHost|Request finished in 182.9322ms 500 text/html; charset=utf-8
2020-02-17 14:30:44.6962|INFO|Microsoft.AspNetCore.DataProtection.KeyManagement.XmlKeyManager|User profile is available. Using 'C:\Users\admin\AppData\Local\ASP.NET\DataProtection-Keys' as key repository and Windows DPAPI to encrypt keys at rest.
2020-02-17 14:30:45.6176|INFO|Microsoft.EntityFrameworkCore.Infrastructure|Entity Framework Core 2.2.6-servicing-10079 initialized 'DBContext' using provider 'Microsoft.EntityFrameworkCore.SqlServer' with options: None
2020-02-17 14:30:45.9314|INFO|Microsoft.EntityFrameworkCore.Database.Command|Executed DbCommand (83ms) [Parameters=[], CommandType='Text', CommandTimeout='30']
SELECT CASE
    WHEN EXISTS (
        SELECT 1
        FROM [Categories] AS [c])
    THEN CAST(1 AS BIT) ELSE CAST(0 AS BIT)
END
2020-02-17 14:30:46.0002|INFO|Microsoft.EntityFrameworkCore.Database.Command|Executed DbCommand (21ms) [Parameters=[@__model_Name_0='?' (Size = 300)], CommandType='Text', CommandTimeout='30']
SELECT TOP(2) [t].[Id], [t].[CategoryId], [t].[Countries], [t].[DepartureDate], [t].[DepartureTown], [t].[Description], [t].[Img], [t].[ImgLarge], [t].[IsNightCrossing], [t].[Name], [t].[Period], [t].[Price], [t].[isFavorite]
FROM [Tours] AS [t]
WHERE [t].[Name] = @__model_Name_0
2020-02-17 14:30:46.0757|INFO|Microsoft.EntityFrameworkCore.Database.Command|Executed DbCommand (20ms) [Parameters=[@__model_Name_0='?' (Size = 300)], CommandType='Text', CommandTimeout='30']
SELECT TOP(2) [t].[Id], [t].[CategoryId], [t].[Countries], [t].[DepartureDate], [t].[DepartureTown], [t].[Description], [t].[Img], [t].[ImgLarge], [t].[IsNightCrossing], [t].[Name], [t].[Period], [t].[Price], [t].[isFavorite]
FROM [Tours] AS [t]
WHERE [t].[Name] = @__model_Name_0
2020-02-17 14:30:46.1021|INFO|Microsoft.EntityFrameworkCore.Database.Command|Executed DbCommand (22ms) [Parameters=[@__model_Name_0='?' (Size = 300)], CommandType='Text', CommandTimeout='30']
SELECT TOP(2) [t].[Id], [t].[CategoryId], [t].[Countries], [t].[DepartureDate], [t].[DepartureTown], [t].[Description], [t].[Img], [t].[ImgLarge], [t].[IsNightCrossing], [t].[Name], [t].[Period], [t].[Price], [t].[isFavorite]
FROM [Tours] AS [t]
WHERE [t].[Name] = @__model_Name_0
2020-02-17 14:30:46.1278|INFO|Microsoft.EntityFrameworkCore.Database.Command|Executed DbCommand (15ms) [Parameters=[@__model_Name_0='?' (Size = 300)], CommandType='Text', CommandTimeout='30']
SELECT TOP(2) [t].[Id], [t].[CategoryId], [t].[Countries], [t].[DepartureDate], [t].[DepartureTown], [t].[Description], [t].[Img], [t].[ImgLarge], [t].[IsNightCrossing], [t].[Name], [t].[Period], [t].[Price], [t].[isFavorite]
FROM [Tours] AS [t]
WHERE [t].[Name] = @__model_Name_0
2020-02-17 14:30:46.1484|INFO|Microsoft.EntityFrameworkCore.Database.Command|Executed DbCommand (17ms) [Parameters=[@__model_Name_0='?' (Size = 300)], CommandType='Text', CommandTimeout='30']
SELECT TOP(2) [t].[Id], [t].[CategoryId], [t].[Countries], [t].[DepartureDate], [t].[DepartureTown], [t].[Description], [t].[Img], [t].[ImgLarge], [t].[IsNightCrossing], [t].[Name], [t].[Period], [t].[Price], [t].[isFavorite]
FROM [Tours] AS [t]
WHERE [t].[Name] = @__model_Name_0
2020-02-17 14:30:46.1673|INFO|Microsoft.EntityFrameworkCore.Database.Command|Executed DbCommand (16ms) [Parameters=[@__model_Name_0='?' (Size = 300)], CommandType='Text', CommandTimeout='30']
SELECT TOP(2) [t].[Id], [t].[CategoryId], [t].[Countries], [t].[DepartureDate], [t].[DepartureTown], [t].[Description], [t].[Img], [t].[ImgLarge], [t].[IsNightCrossing], [t].[Name], [t].[Period], [t].[Price], [t].[isFavorite]
FROM [Tours] AS [t]
WHERE [t].[Name] = @__model_Name_0
2020-02-17 14:30:46.1839|INFO|Microsoft.EntityFrameworkCore.Database.Command|Executed DbCommand (14ms) [Parameters=[@__model_Name_0='?' (Size = 300)], CommandType='Text', CommandTimeout='30']
SELECT TOP(2) [t].[Id], [t].[CategoryId], [t].[Countries], [t].[DepartureDate], [t].[DepartureTown], [t].[Description], [t].[Img], [t].[ImgLarge], [t].[IsNightCrossing], [t].[Name], [t].[Period], [t].[Price], [t].[isFavorite]
FROM [Tours] AS [t]
WHERE [t].[Name] = @__model_Name_0
2020-02-17 14:30:46.2015|INFO|Microsoft.EntityFrameworkCore.Database.Command|Executed DbCommand (14ms) [Parameters=[@__model_Name_0='?' (Size = 300)], CommandType='Text', CommandTimeout='30']
SELECT TOP(2) [t].[Id], [t].[CategoryId], [t].[Countries], [t].[DepartureDate], [t].[DepartureTown], [t].[Description], [t].[Img], [t].[ImgLarge], [t].[IsNightCrossing], [t].[Name], [t].[Period], [t].[Price], [t].[isFavorite]
FROM [Tours] AS [t]
WHERE [t].[Name] = @__model_Name_0
2020-02-17 14:30:46.2829|INFO|Microsoft.AspNetCore.Hosting.Internal.WebHost|Request starting HTTP/1.1 GET http://localhost:60757/  
2020-02-17 14:30:46.3513|INFO|Microsoft.AspNetCore.Routing.EndpointMiddleware|Executing endpoint 'MVCTravelAgency.Controllers.HomeController.Index (MVCTravelAgency)'
2020-02-17 14:30:46.3631|INFO|Microsoft.AspNetCore.Mvc.Internal.ControllerActionInvoker|Route matched with {action = "Index", controller = "Home"}. Executing controller action with signature Microsoft.AspNetCore.Mvc.IActionResult Index() on controller MVCTravelAgency.Controllers.HomeController (MVCTravelAgency).
2020-02-17 14:30:46.4224|INFO|Microsoft.AspNetCore.Mvc.Internal.ControllerActionInvoker|Executing action method MVCTravelAgency.Controllers.HomeController.Index (MVCTravelAgency) - Validation state: Valid
2020-02-17 14:30:46.4224|INFO|Microsoft.AspNetCore.Mvc.Internal.ControllerActionInvoker|Executed action method MVCTravelAgency.Controllers.HomeController.Index (MVCTravelAgency), returned result Microsoft.AspNetCore.Mvc.ViewResult in 0.9389ms.
2020-02-17 14:30:46.4583|INFO|Microsoft.AspNetCore.Mvc.ViewFeatures.ViewResultExecutor|Executing ViewResult, running view Index.
2020-02-17 14:30:46.6024|INFO|Microsoft.AspNetCore.Mvc.ViewFeatures.ViewResultExecutor|Executed ViewResult - view Index executed in 161.112ms.
2020-02-17 14:30:46.6270|INFO|Microsoft.AspNetCore.Mvc.Internal.ControllerActionInvoker|Executed action MVCTravelAgency.Controllers.HomeController.Index (MVCTravelAgency) in 238.8869ms
2020-02-17 14:30:46.6270|INFO|Microsoft.AspNetCore.Routing.EndpointMiddleware|Executed endpoint 'MVCTravelAgency.Controllers.HomeController.Index (MVCTravelAgency)'
2020-02-17 14:30:46.6526|INFO|Microsoft.AspNetCore.Hosting.Internal.WebHost|Request finished in 359.7561ms 200 text/html; charset=utf-8
2020-02-17 14:30:48.2597|INFO|Microsoft.AspNetCore.Hosting.Internal.WebHost|Request starting HTTP/1.1 GET http://localhost:60757/Account/Register  
2020-02-17 14:30:48.2716|INFO|Microsoft.AspNetCore.Routing.EndpointMiddleware|Executing endpoint 'MVCTravelAgency.Controllers.AccountController.Register (MVCTravelAgency)'
2020-02-17 14:30:48.2936|INFO|Microsoft.AspNetCore.Mvc.Internal.ControllerActionInvoker|Route matched with {action = "Register", controller = "Account"}. Executing controller action with signature Microsoft.AspNetCore.Mvc.IActionResult Register() on controller MVCTravelAgency.Controllers.AccountController (MVCTravelAgency).
2020-02-17 14:30:48.3093|INFO|Microsoft.AspNetCore.Mvc.Internal.ControllerActionInvoker|Executed action MVCTravelAgency.Controllers.AccountController.Register (MVCTravelAgency) in 8.8568ms
2020-02-17 14:30:48.3179|INFO|Microsoft.AspNetCore.Routing.EndpointMiddleware|Executed endpoint 'MVCTravelAgency.Controllers.AccountController.Register (MVCTravelAgency)'
2020-02-17 14:30:48.3819|ERROR|Microsoft.AspNetCore.Diagnostics.DeveloperExceptionPageMiddleware|An unhandled exception has occurred while executing the request.
2020-02-17 14:30:48.4903|INFO|Microsoft.AspNetCore.Hosting.Internal.WebHost|Request finished in 229.182ms 500 text/html; charset=utf-8
2020-02-17 14:32:11.6935|INFO|Microsoft.AspNetCore.DataProtection.KeyManagement.XmlKeyManager|User profile is available. Using 'C:\Users\admin\AppData\Local\ASP.NET\DataProtection-Keys' as key repository and Windows DPAPI to encrypt keys at rest.
2020-02-17 14:32:12.7361|INFO|Microsoft.EntityFrameworkCore.Infrastructure|Entity Framework Core 2.2.6-servicing-10079 initialized 'DBContext' using provider 'Microsoft.EntityFrameworkCore.SqlServer' with options: None
2020-02-17 14:32:13.0527|INFO|Microsoft.EntityFrameworkCore.Database.Command|Executed DbCommand (74ms) [Parameters=[], CommandType='Text', CommandTimeout='30']
SELECT CASE
    WHEN EXISTS (
        SELECT 1
        FROM [Categories] AS [c])
    THEN CAST(1 AS BIT) ELSE CAST(0 AS BIT)
END
2020-02-17 14:32:13.1292|INFO|Microsoft.EntityFrameworkCore.Database.Command|Executed DbCommand (24ms) [Parameters=[@__model_Name_0='?' (Size = 300)], CommandType='Text', CommandTimeout='30']
SELECT TOP(2) [t].[Id], [t].[CategoryId], [t].[Countries], [t].[DepartureDate], [t].[DepartureTown], [t].[Description], [t].[Img], [t].[ImgLarge], [t].[IsNightCrossing], [t].[Name], [t].[Period], [t].[Price], [t].[isFavorite]
FROM [Tours] AS [t]
WHERE [t].[Name] = @__model_Name_0
2020-02-17 14:32:13.1968|INFO|Microsoft.EntityFrameworkCore.Database.Command|Executed DbCommand (15ms) [Parameters=[@__model_Name_0='?' (Size = 300)], CommandType='Text', CommandTimeout='30']
SELECT TOP(2) [t].[Id], [t].[CategoryId], [t].[Countries], [t].[DepartureDate], [t].[DepartureTown], [t].[Description], [t].[Img], [t].[ImgLarge], [t].[IsNightCrossing], [t].[Name], [t].[Period], [t].[Price], [t].[isFavorite]
FROM [Tours] AS [t]
WHERE [t].[Name] = @__model_Name_0
2020-02-17 14:32:13.2160|INFO|Microsoft.EntityFrameworkCore.Database.Command|Executed DbCommand (15ms) [Parameters=[@__model_Name_0='?' (Size = 300)], CommandType='Text', CommandTimeout='30']
SELECT TOP(2) [t].[Id], [t].[CategoryId], [t].[Countries], [t].[DepartureDate], [t].[DepartureTown], [t].[Description], [t].[Img], [t].[ImgLarge], [t].[IsNightCrossing], [t].[Name], [t].[Period], [t].[Price], [t].[isFavorite]
FROM [Tours] AS [t]
WHERE [t].[Name] = @__model_Name_0
2020-02-17 14:32:13.2915|INFO|Microsoft.EntityFrameworkCore.Database.Command|Executed DbCommand (13ms) [Parameters=[@__model_Name_0='?' (Size = 300)], CommandType='Text', CommandTimeout='30']
SELECT TOP(2) [t].[Id], [t].[CategoryId], [t].[Countries], [t].[DepartureDate], [t].[DepartureTown], [t].[Description], [t].[Img], [t].[ImgLarge], [t].[IsNightCrossing], [t].[Name], [t].[Period], [t].[Price], [t].[isFavorite]
FROM [Tours] AS [t]
WHERE [t].[Name] = @__model_Name_0
2020-02-17 14:32:13.3261|INFO|Microsoft.EntityFrameworkCore.Database.Command|Executed DbCommand (29ms) [Parameters=[@__model_Name_0='?' (Size = 300)], CommandType='Text', CommandTimeout='30']
SELECT TOP(2) [t].[Id], [t].[CategoryId], [t].[Countries], [t].[DepartureDate], [t].[DepartureTown], [t].[Description], [t].[Img], [t].[ImgLarge], [t].[IsNightCrossing], [t].[Name], [t].[Period], [t].[Price], [t].[isFavorite]
FROM [Tours] AS [t]
WHERE [t].[Name] = @__model_Name_0
2020-02-17 14:32:13.4202|INFO|Microsoft.EntityFrameworkCore.Database.Command|Executed DbCommand (38ms) [Parameters=[@__model_Name_0='?' (Size = 300)], CommandType='Text', CommandTimeout='30']
SELECT TOP(2) [t].[Id], [t].[CategoryId], [t].[Countries], [t].[DepartureDate], [t].[DepartureTown], [t].[Description], [t].[Img], [t].[ImgLarge], [t].[IsNightCrossing], [t].[Name], [t].[Period], [t].[Price], [t].[isFavorite]
FROM [Tours] AS [t]
WHERE [t].[Name] = @__model_Name_0
2020-02-17 14:32:13.4438|INFO|Microsoft.EntityFrameworkCore.Database.Command|Executed DbCommand (20ms) [Parameters=[@__model_Name_0='?' (Size = 300)], CommandType='Text', CommandTimeout='30']
SELECT TOP(2) [t].[Id], [t].[CategoryId], [t].[Countries], [t].[DepartureDate], [t].[DepartureTown], [t].[Description], [t].[Img], [t].[ImgLarge], [t].[IsNightCrossing], [t].[Name], [t].[Period], [t].[Price], [t].[isFavorite]
FROM [Tours] AS [t]
WHERE [t].[Name] = @__model_Name_0
2020-02-17 14:32:13.4645|INFO|Microsoft.EntityFrameworkCore.Database.Command|Executed DbCommand (17ms) [Parameters=[@__model_Name_0='?' (Size = 300)], CommandType='Text', CommandTimeout='30']
SELECT TOP(2) [t].[Id], [t].[CategoryId], [t].[Countries], [t].[DepartureDate], [t].[DepartureTown], [t].[Description], [t].[Img], [t].[ImgLarge], [t].[IsNightCrossing], [t].[Name], [t].[Period], [t].[Price], [t].[isFavorite]
FROM [Tours] AS [t]
WHERE [t].[Name] = @__model_Name_0
2020-02-17 14:32:13.5626|INFO|Microsoft.AspNetCore.Hosting.Internal.WebHost|Request starting HTTP/1.1 GET http://localhost:60757/  
2020-02-17 14:32:13.6478|INFO|Microsoft.AspNetCore.Routing.EndpointMiddleware|Executing endpoint 'MVCTravelAgency.Controllers.HomeController.Index (MVCTravelAgency)'
2020-02-17 14:32:13.6636|INFO|Microsoft.AspNetCore.Mvc.Internal.ControllerActionInvoker|Route matched with {action = "Index", controller = "Home"}. Executing controller action with signature Microsoft.AspNetCore.Mvc.IActionResult Index() on controller MVCTravelAgency.Controllers.HomeController (MVCTravelAgency).
2020-02-17 14:32:13.7275|INFO|Microsoft.AspNetCore.Mvc.Internal.ControllerActionInvoker|Executing action method MVCTravelAgency.Controllers.HomeController.Index (MVCTravelAgency) - Validation state: Valid
2020-02-17 14:32:13.7341|INFO|Microsoft.AspNetCore.Mvc.Internal.ControllerActionInvoker|Executed action method MVCTravelAgency.Controllers.HomeController.Index (MVCTravelAgency), returned result Microsoft.AspNetCore.Mvc.ViewResult in 0.8302ms.
2020-02-17 14:32:13.7586|INFO|Microsoft.AspNetCore.Mvc.ViewFeatures.ViewResultExecutor|Executing ViewResult, running view Index.
2020-02-17 14:32:13.9081|INFO|Microsoft.AspNetCore.Mvc.ViewFeatures.ViewResultExecutor|Executed ViewResult - view Index executed in 162.0893ms.
2020-02-17 14:32:13.9081|INFO|Microsoft.AspNetCore.Mvc.Internal.ControllerActionInvoker|Executed action MVCTravelAgency.Controllers.HomeController.Index (MVCTravelAgency) in 244.8665ms
2020-02-17 14:32:13.9081|INFO|Microsoft.AspNetCore.Routing.EndpointMiddleware|Executed endpoint 'MVCTravelAgency.Controllers.HomeController.Index (MVCTravelAgency)'
2020-02-17 14:32:13.9269|INFO|Microsoft.AspNetCore.Hosting.Internal.WebHost|Request finished in 362.8573ms 200 text/html; charset=utf-8
2020-02-17 14:32:15.2482|INFO|Microsoft.AspNetCore.Hosting.Internal.WebHost|Request starting HTTP/1.1 GET http://localhost:60757/Account/Register  
2020-02-17 14:32:15.2482|INFO|Microsoft.AspNetCore.Routing.EndpointMiddleware|Executing endpoint 'MVCTravelAgency.Controllers.AccountController.Register (MVCTravelAgency)'
2020-02-17 14:32:15.2811|INFO|Microsoft.AspNetCore.Mvc.Internal.ControllerActionInvoker|Route matched with {action = "Register", controller = "Account"}. Executing controller action with signature Microsoft.AspNetCore.Mvc.IActionResult Register() on controller MVCTravelAgency.Controllers.AccountController (MVCTravelAgency).
2020-02-17 14:32:15.2953|INFO|Microsoft.AspNetCore.Mvc.Internal.ControllerActionInvoker|Executed action MVCTravelAgency.Controllers.AccountController.Register (MVCTravelAgency) in 2.5263ms
2020-02-17 14:32:15.2953|INFO|Microsoft.AspNetCore.Routing.EndpointMiddleware|Executed endpoint 'MVCTravelAgency.Controllers.AccountController.Register (MVCTravelAgency)'
2020-02-17 14:32:15.3532|ERROR|Microsoft.AspNetCore.Diagnostics.DeveloperExceptionPageMiddleware|An unhandled exception has occurred while executing the request.
2020-02-17 14:32:15.4390|INFO|Microsoft.AspNetCore.Hosting.Internal.WebHost|Request finished in 187.522ms 500 text/html; charset=utf-8
2020-02-17 14:33:03.0007|INFO|Microsoft.AspNetCore.DataProtection.KeyManagement.XmlKeyManager|User profile is available. Using 'C:\Users\admin\AppData\Local\ASP.NET\DataProtection-Keys' as key repository and Windows DPAPI to encrypt keys at rest.
2020-02-17 14:33:03.9764|INFO|Microsoft.EntityFrameworkCore.Infrastructure|Entity Framework Core 2.2.6-servicing-10079 initialized 'DBContext' using provider 'Microsoft.EntityFrameworkCore.SqlServer' with options: None
2020-02-17 14:33:04.2865|INFO|Microsoft.EntityFrameworkCore.Database.Command|Executed DbCommand (77ms) [Parameters=[], CommandType='Text', CommandTimeout='30']
SELECT CASE
    WHEN EXISTS (
        SELECT 1
        FROM [Categories] AS [c])
    THEN CAST(1 AS BIT) ELSE CAST(0 AS BIT)
END
2020-02-17 14:33:04.3560|INFO|Microsoft.EntityFrameworkCore.Database.Command|Executed DbCommand (21ms) [Parameters=[@__model_Name_0='?' (Size = 300)], CommandType='Text', CommandTimeout='30']
SELECT TOP(2) [t].[Id], [t].[CategoryId], [t].[Countries], [t].[DepartureDate], [t].[DepartureTown], [t].[Description], [t].[Img], [t].[ImgLarge], [t].[IsNightCrossing], [t].[Name], [t].[Period], [t].[Price], [t].[isFavorite]
FROM [Tours] AS [t]
WHERE [t].[Name] = @__model_Name_0
2020-02-17 14:33:04.4228|INFO|Microsoft.EntityFrameworkCore.Database.Command|Executed DbCommand (15ms) [Parameters=[@__model_Name_0='?' (Size = 300)], CommandType='Text', CommandTimeout='30']
SELECT TOP(2) [t].[Id], [t].[CategoryId], [t].[Countries], [t].[DepartureDate], [t].[DepartureTown], [t].[Description], [t].[Img], [t].[ImgLarge], [t].[IsNightCrossing], [t].[Name], [t].[Period], [t].[Price], [t].[isFavorite]
FROM [Tours] AS [t]
WHERE [t].[Name] = @__model_Name_0
2020-02-17 14:33:04.4409|INFO|Microsoft.EntityFrameworkCore.Database.Command|Executed DbCommand (14ms) [Parameters=[@__model_Name_0='?' (Size = 300)], CommandType='Text', CommandTimeout='30']
SELECT TOP(2) [t].[Id], [t].[CategoryId], [t].[Countries], [t].[DepartureDate], [t].[DepartureTown], [t].[Description], [t].[Img], [t].[ImgLarge], [t].[IsNightCrossing], [t].[Name], [t].[Period], [t].[Price], [t].[isFavorite]
FROM [Tours] AS [t]
WHERE [t].[Name] = @__model_Name_0
2020-02-17 14:33:04.4745|INFO|Microsoft.EntityFrameworkCore.Database.Command|Executed DbCommand (18ms) [Parameters=[@__model_Name_0='?' (Size = 300)], CommandType='Text', CommandTimeout='30']
SELECT TOP(2) [t].[Id], [t].[CategoryId], [t].[Countries], [t].[DepartureDate], [t].[DepartureTown], [t].[Description], [t].[Img], [t].[ImgLarge], [t].[IsNightCrossing], [t].[Name], [t].[Period], [t].[Price], [t].[isFavorite]
FROM [Tours] AS [t]
WHERE [t].[Name] = @__model_Name_0
2020-02-17 14:33:04.4969|INFO|Microsoft.EntityFrameworkCore.Database.Command|Executed DbCommand (17ms) [Parameters=[@__model_Name_0='?' (Size = 300)], CommandType='Text', CommandTimeout='30']
SELECT TOP(2) [t].[Id], [t].[CategoryId], [t].[Countries], [t].[DepartureDate], [t].[DepartureTown], [t].[Description], [t].[Img], [t].[ImgLarge], [t].[IsNightCrossing], [t].[Name], [t].[Period], [t].[Price], [t].[isFavorite]
FROM [Tours] AS [t]
WHERE [t].[Name] = @__model_Name_0
2020-02-17 14:33:04.5182|INFO|Microsoft.EntityFrameworkCore.Database.Command|Executed DbCommand (17ms) [Parameters=[@__model_Name_0='?' (Size = 300)], CommandType='Text', CommandTimeout='30']
SELECT TOP(2) [t].[Id], [t].[CategoryId], [t].[Countries], [t].[DepartureDate], [t].[DepartureTown], [t].[Description], [t].[Img], [t].[ImgLarge], [t].[IsNightCrossing], [t].[Name], [t].[Period], [t].[Price], [t].[isFavorite]
FROM [Tours] AS [t]
WHERE [t].[Name] = @__model_Name_0
2020-02-17 14:33:04.5381|INFO|Microsoft.EntityFrameworkCore.Database.Command|Executed DbCommand (17ms) [Parameters=[@__model_Name_0='?' (Size = 300)], CommandType='Text', CommandTimeout='30']
SELECT TOP(2) [t].[Id], [t].[CategoryId], [t].[Countries], [t].[DepartureDate], [t].[DepartureTown], [t].[Description], [t].[Img], [t].[ImgLarge], [t].[IsNightCrossing], [t].[Name], [t].[Period], [t].[Price], [t].[isFavorite]
FROM [Tours] AS [t]
WHERE [t].[Name] = @__model_Name_0
2020-02-17 14:33:04.5552|INFO|Microsoft.EntityFrameworkCore.Database.Command|Executed DbCommand (14ms) [Parameters=[@__model_Name_0='?' (Size = 300)], CommandType='Text', CommandTimeout='30']
SELECT TOP(2) [t].[Id], [t].[CategoryId], [t].[Countries], [t].[DepartureDate], [t].[DepartureTown], [t].[Description], [t].[Img], [t].[ImgLarge], [t].[IsNightCrossing], [t].[Name], [t].[Period], [t].[Price], [t].[isFavorite]
FROM [Tours] AS [t]
WHERE [t].[Name] = @__model_Name_0
2020-02-17 14:33:04.6313|INFO|Microsoft.AspNetCore.Hosting.Internal.WebHost|Request starting HTTP/1.1 GET http://localhost:60757/  
2020-02-17 14:33:04.7112|INFO|Microsoft.AspNetCore.Routing.EndpointMiddleware|Executing endpoint 'MVCTravelAgency.Controllers.HomeController.Index (MVCTravelAgency)'
2020-02-17 14:33:04.7240|INFO|Microsoft.AspNetCore.Mvc.Internal.ControllerActionInvoker|Route matched with {action = "Index", controller = "Home"}. Executing controller action with signature Microsoft.AspNetCore.Mvc.IActionResult Index() on controller MVCTravelAgency.Controllers.HomeController (MVCTravelAgency).
2020-02-17 14:33:04.7833|INFO|Microsoft.AspNetCore.Mvc.Internal.ControllerActionInvoker|Executing action method MVCTravelAgency.Controllers.HomeController.Index (MVCTravelAgency) - Validation state: Valid
2020-02-17 14:33:04.7833|INFO|Microsoft.AspNetCore.Mvc.Internal.ControllerActionInvoker|Executed action method MVCTravelAgency.Controllers.HomeController.Index (MVCTravelAgency), returned result Microsoft.AspNetCore.Mvc.ViewResult in 0.9039ms.
2020-02-17 14:33:04.8170|INFO|Microsoft.AspNetCore.Mvc.ViewFeatures.ViewResultExecutor|Executing ViewResult, running view Index.
2020-02-17 14:33:04.9852|INFO|Microsoft.AspNetCore.Mvc.ViewFeatures.ViewResultExecutor|Executed ViewResult - view Index executed in 181.6447ms.
2020-02-17 14:33:04.9852|INFO|Microsoft.AspNetCore.Mvc.Internal.ControllerActionInvoker|Executed action MVCTravelAgency.Controllers.HomeController.Index (MVCTravelAgency) in 261.2462ms
2020-02-17 14:33:04.9852|INFO|Microsoft.AspNetCore.Routing.EndpointMiddleware|Executed endpoint 'MVCTravelAgency.Controllers.HomeController.Index (MVCTravelAgency)'
2020-02-17 14:33:05.0052|INFO|Microsoft.AspNetCore.Hosting.Internal.WebHost|Request finished in 372.5264ms 200 text/html; charset=utf-8
2020-02-17 14:33:06.6890|INFO|Microsoft.AspNetCore.Hosting.Internal.WebHost|Request starting HTTP/1.1 GET http://localhost:60757/Account/Register  
2020-02-17 14:33:06.6890|INFO|Microsoft.AspNetCore.Routing.EndpointMiddleware|Executing endpoint 'MVCTravelAgency.Controllers.AccountController.Register (MVCTravelAgency)'
2020-02-17 14:33:06.7038|INFO|Microsoft.AspNetCore.Mvc.Internal.ControllerActionInvoker|Route matched with {action = "Register", controller = "Account"}. Executing controller action with signature Microsoft.AspNetCore.Mvc.IActionResult Register() on controller MVCTravelAgency.Controllers.AccountController (MVCTravelAgency).
2020-02-17 14:33:06.7469|INFO|Microsoft.AspNetCore.Mvc.Internal.ControllerActionInvoker|Executing action method MVCTravelAgency.Controllers.AccountController.Register (MVCTravelAgency) - Validation state: Valid
2020-02-17 14:33:13.5028|INFO|Microsoft.AspNetCore.Mvc.Internal.ControllerActionInvoker|Executed action method MVCTravelAgency.Controllers.AccountController.Register (MVCTravelAgency), returned result Microsoft.AspNetCore.Mvc.ViewResult in 6752.8336ms.
2020-02-17 14:33:13.5028|INFO|Microsoft.AspNetCore.Mvc.ViewFeatures.ViewResultExecutor|Executing ViewResult, running view Register.
2020-02-17 14:33:13.6445|INFO|Microsoft.AspNetCore.Mvc.ViewFeatures.ViewResultExecutor|Executed ViewResult - view Register executed in 137.5891ms.
2020-02-17 14:33:13.6445|INFO|Microsoft.AspNetCore.Mvc.Internal.ControllerActionInvoker|Executed action MVCTravelAgency.Controllers.AccountController.Register (MVCTravelAgency) in 6932.6712ms
2020-02-17 14:33:13.6634|INFO|Microsoft.AspNetCore.Routing.EndpointMiddleware|Executed endpoint 'MVCTravelAgency.Controllers.AccountController.Register (MVCTravelAgency)'
2020-02-17 14:33:13.6634|INFO|Microsoft.AspNetCore.Hosting.Internal.WebHost|Request finished in 6977.3491ms 200 text/html; charset=utf-8
2020-02-17 14:33:27.3429|INFO|Microsoft.AspNetCore.Hosting.Internal.WebHost|Request starting HTTP/1.1 POST http://localhost:60757/Account/Register application/x-www-form-urlencoded 270
2020-02-17 14:33:27.3429|INFO|Microsoft.AspNetCore.Routing.EndpointMiddleware|Executing endpoint 'MVCTravelAgency.Controllers.AccountController.Register (MVCTravelAgency)'
2020-02-17 14:33:27.3652|INFO|Microsoft.AspNetCore.Mvc.Internal.ControllerActionInvoker|Route matched with {action = "Register", controller = "Account"}. Executing controller action with signature Microsoft.AspNetCore.Mvc.IActionResult Register() on controller MVCTravelAgency.Controllers.AccountController (MVCTravelAgency).
2020-02-17 14:33:27.4262|INFO|Microsoft.AspNetCore.Mvc.Internal.ControllerActionInvoker|Executing action method MVCTravelAgency.Controllers.AccountController.Register (MVCTravelAgency) - Validation state: Valid
2020-02-17 14:33:27.4262|INFO|Microsoft.AspNetCore.Mvc.Internal.ControllerActionInvoker|Executed action method MVCTravelAgency.Controllers.AccountController.Register (MVCTravelAgency), returned result Microsoft.AspNetCore.Mvc.ViewResult in 0.1049ms.
2020-02-17 14:33:27.4415|INFO|Microsoft.AspNetCore.Mvc.ViewFeatures.ViewResultExecutor|Executing ViewResult, running view Register.
2020-02-17 14:33:27.4730|INFO|Microsoft.AspNetCore.Mvc.ViewFeatures.ViewResultExecutor|Executed ViewResult - view Register executed in 11.5725ms.
2020-02-17 14:33:27.5131|INFO|Microsoft.AspNetCore.Mvc.Internal.ControllerActionInvoker|Executed action MVCTravelAgency.Controllers.AccountController.Register (MVCTravelAgency) in 103.2851ms
2020-02-17 14:33:27.5243|INFO|Microsoft.AspNetCore.Routing.EndpointMiddleware|Executed endpoint 'MVCTravelAgency.Controllers.AccountController.Register (MVCTravelAgency)'
2020-02-17 14:33:27.5243|INFO|Microsoft.AspNetCore.Hosting.Internal.WebHost|Request starting HTTP/1.1 GET http://localhost:60757/css/main.css  
2020-02-17 14:33:27.5310|INFO|Microsoft.AspNetCore.Hosting.Internal.WebHost|Request finished in 187.5593ms 200 text/html; charset=utf-8
2020-02-17 14:33:27.5643|INFO|Microsoft.AspNetCore.StaticFiles.StaticFileMiddleware|The file /css/main.css was not modified
2020-02-17 14:33:27.5799|INFO|Microsoft.AspNetCore.Hosting.Internal.WebHost|Request finished in 52.8398ms 304 text/css
2020-02-17 14:33:59.6503|INFO|Microsoft.AspNetCore.DataProtection.KeyManagement.XmlKeyManager|User profile is available. Using 'C:\Users\admin\AppData\Local\ASP.NET\DataProtection-Keys' as key repository and Windows DPAPI to encrypt keys at rest.
2020-02-17 14:34:00.7056|INFO|Microsoft.EntityFrameworkCore.Infrastructure|Entity Framework Core 2.2.6-servicing-10079 initialized 'DBContext' using provider 'Microsoft.EntityFrameworkCore.SqlServer' with options: None
2020-02-17 14:34:01.0484|INFO|Microsoft.EntityFrameworkCore.Database.Command|Executed DbCommand (88ms) [Parameters=[], CommandType='Text', CommandTimeout='30']
SELECT CASE
    WHEN EXISTS (
        SELECT 1
        FROM [Categories] AS [c])
    THEN CAST(1 AS BIT) ELSE CAST(0 AS BIT)
END
2020-02-17 14:34:01.1269|INFO|Microsoft.EntityFrameworkCore.Database.Command|Executed DbCommand (22ms) [Parameters=[@__model_Name_0='?' (Size = 300)], CommandType='Text', CommandTimeout='30']
SELECT TOP(2) [t].[Id], [t].[CategoryId], [t].[Countries], [t].[DepartureDate], [t].[DepartureTown], [t].[Description], [t].[Img], [t].[ImgLarge], [t].[IsNightCrossing], [t].[Name], [t].[Period], [t].[Price], [t].[isFavorite]
FROM [Tours] AS [t]
WHERE [t].[Name] = @__model_Name_0
2020-02-17 14:34:01.2070|INFO|Microsoft.EntityFrameworkCore.Database.Command|Executed DbCommand (17ms) [Parameters=[@__model_Name_0='?' (Size = 300)], CommandType='Text', CommandTimeout='30']
SELECT TOP(2) [t].[Id], [t].[CategoryId], [t].[Countries], [t].[DepartureDate], [t].[DepartureTown], [t].[Description], [t].[Img], [t].[ImgLarge], [t].[IsNightCrossing], [t].[Name], [t].[Period], [t].[Price], [t].[isFavorite]
FROM [Tours] AS [t]
WHERE [t].[Name] = @__model_Name_0
2020-02-17 14:34:01.2267|INFO|Microsoft.EntityFrameworkCore.Database.Command|Executed DbCommand (16ms) [Parameters=[@__model_Name_0='?' (Size = 300)], CommandType='Text', CommandTimeout='30']
SELECT TOP(2) [t].[Id], [t].[CategoryId], [t].[Countries], [t].[DepartureDate], [t].[DepartureTown], [t].[Description], [t].[Img], [t].[ImgLarge], [t].[IsNightCrossing], [t].[Name], [t].[Period], [t].[Price], [t].[isFavorite]
FROM [Tours] AS [t]
WHERE [t].[Name] = @__model_Name_0
2020-02-17 14:34:01.2454|INFO|Microsoft.EntityFrameworkCore.Database.Command|Executed DbCommand (16ms) [Parameters=[@__model_Name_0='?' (Size = 300)], CommandType='Text', CommandTimeout='30']
SELECT TOP(2) [t].[Id], [t].[CategoryId], [t].[Countries], [t].[DepartureDate], [t].[DepartureTown], [t].[Description], [t].[Img], [t].[ImgLarge], [t].[IsNightCrossing], [t].[Name], [t].[Period], [t].[Price], [t].[isFavorite]
FROM [Tours] AS [t]
WHERE [t].[Name] = @__model_Name_0
2020-02-17 14:34:01.2632|INFO|Microsoft.EntityFrameworkCore.Database.Command|Executed DbCommand (15ms) [Parameters=[@__model_Name_0='?' (Size = 300)], CommandType='Text', CommandTimeout='30']
SELECT TOP(2) [t].[Id], [t].[CategoryId], [t].[Countries], [t].[DepartureDate], [t].[DepartureTown], [t].[Description], [t].[Img], [t].[ImgLarge], [t].[IsNightCrossing], [t].[Name], [t].[Period], [t].[Price], [t].[isFavorite]
FROM [Tours] AS [t]
WHERE [t].[Name] = @__model_Name_0
2020-02-17 14:34:01.2811|INFO|Microsoft.EntityFrameworkCore.Database.Command|Executed DbCommand (15ms) [Parameters=[@__model_Name_0='?' (Size = 300)], CommandType='Text', CommandTimeout='30']
SELECT TOP(2) [t].[Id], [t].[CategoryId], [t].[Countries], [t].[DepartureDate], [t].[DepartureTown], [t].[Description], [t].[Img], [t].[ImgLarge], [t].[IsNightCrossing], [t].[Name], [t].[Period], [t].[Price], [t].[isFavorite]
FROM [Tours] AS [t]
WHERE [t].[Name] = @__model_Name_0
2020-02-17 14:34:01.2994|INFO|Microsoft.EntityFrameworkCore.Database.Command|Executed DbCommand (14ms) [Parameters=[@__model_Name_0='?' (Size = 300)], CommandType='Text', CommandTimeout='30']
SELECT TOP(2) [t].[Id], [t].[CategoryId], [t].[Countries], [t].[DepartureDate], [t].[DepartureTown], [t].[Description], [t].[Img], [t].[ImgLarge], [t].[IsNightCrossing], [t].[Name], [t].[Period], [t].[Price], [t].[isFavorite]
FROM [Tours] AS [t]
WHERE [t].[Name] = @__model_Name_0
2020-02-17 14:34:01.3175|INFO|Microsoft.EntityFrameworkCore.Database.Command|Executed DbCommand (14ms) [Parameters=[@__model_Name_0='?' (Size = 300)], CommandType='Text', CommandTimeout='30']
SELECT TOP(2) [t].[Id], [t].[CategoryId], [t].[Countries], [t].[DepartureDate], [t].[DepartureTown], [t].[Description], [t].[Img], [t].[ImgLarge], [t].[IsNightCrossing], [t].[Name], [t].[Period], [t].[Price], [t].[isFavorite]
FROM [Tours] AS [t]
WHERE [t].[Name] = @__model_Name_0
2020-02-17 14:34:01.4003|INFO|Microsoft.AspNetCore.Hosting.Internal.WebHost|Request starting HTTP/1.1 GET http://localhost:60757/  
2020-02-17 14:34:01.4754|INFO|Microsoft.AspNetCore.Routing.EndpointMiddleware|Executing endpoint 'MVCTravelAgency.Controllers.HomeController.Index (MVCTravelAgency)'
2020-02-17 14:34:01.4903|INFO|Microsoft.AspNetCore.Mvc.Internal.ControllerActionInvoker|Route matched with {action = "Index", controller = "Home"}. Executing controller action with signature Microsoft.AspNetCore.Mvc.IActionResult Index() on controller MVCTravelAgency.Controllers.HomeController (MVCTravelAgency).
2020-02-17 14:34:01.5546|INFO|Microsoft.AspNetCore.Mvc.Internal.ControllerActionInvoker|Executing action method MVCTravelAgency.Controllers.HomeController.Index (MVCTravelAgency) - Validation state: Valid
2020-02-17 14:34:01.5610|INFO|Microsoft.AspNetCore.Mvc.Internal.ControllerActionInvoker|Executed action method MVCTravelAgency.Controllers.HomeController.Index (MVCTravelAgency), returned result Microsoft.AspNetCore.Mvc.ViewResult in 1.1202ms.
2020-02-17 14:34:01.5865|INFO|Microsoft.AspNetCore.Mvc.ViewFeatures.ViewResultExecutor|Executing ViewResult, running view Index.
2020-02-17 14:34:01.7526|INFO|Microsoft.AspNetCore.Mvc.ViewFeatures.ViewResultExecutor|Executed ViewResult - view Index executed in 179.4494ms.
2020-02-17 14:34:01.7526|INFO|Microsoft.AspNetCore.Mvc.Internal.ControllerActionInvoker|Executed action MVCTravelAgency.Controllers.HomeController.Index (MVCTravelAgency) in 263.1283ms
2020-02-17 14:34:01.7526|INFO|Microsoft.AspNetCore.Routing.EndpointMiddleware|Executed endpoint 'MVCTravelAgency.Controllers.HomeController.Index (MVCTravelAgency)'
2020-02-17 14:34:01.7749|INFO|Microsoft.AspNetCore.Hosting.Internal.WebHost|Request finished in 371.6381ms 200 text/html; charset=utf-8
2020-02-17 14:34:03.8813|INFO|Microsoft.AspNetCore.Hosting.Internal.WebHost|Request starting HTTP/1.1 GET http://localhost:60757/Account/Register  
2020-02-17 14:34:03.8944|INFO|Microsoft.AspNetCore.Routing.EndpointMiddleware|Executing endpoint 'MVCTravelAgency.Controllers.AccountController.Register (MVCTravelAgency)'
2020-02-17 14:34:03.9152|INFO|Microsoft.AspNetCore.Mvc.Internal.ControllerActionInvoker|Route matched with {action = "Register", controller = "Account"}. Executing controller action with signature Microsoft.AspNetCore.Mvc.IActionResult Register() on controller MVCTravelAgency.Controllers.AccountController (MVCTravelAgency).
2020-02-17 14:34:03.9281|INFO|Microsoft.AspNetCore.Mvc.Internal.ControllerActionInvoker|Executed action MVCTravelAgency.Controllers.AccountController.Register (MVCTravelAgency) in 8.6485ms
2020-02-17 14:34:03.9365|INFO|Microsoft.AspNetCore.Routing.EndpointMiddleware|Executed endpoint 'MVCTravelAgency.Controllers.AccountController.Register (MVCTravelAgency)'
2020-02-17 14:34:04.0047|ERROR|Microsoft.AspNetCore.Diagnostics.DeveloperExceptionPageMiddleware|An unhandled exception has occurred while executing the request.
2020-02-17 14:34:04.1140|INFO|Microsoft.AspNetCore.Hosting.Internal.WebHost|Request finished in 221.2432ms 500 text/html; charset=utf-8
2020-02-17 14:35:18.1262|INFO|Microsoft.AspNetCore.DataProtection.KeyManagement.XmlKeyManager|User profile is available. Using 'C:\Users\admin\AppData\Local\ASP.NET\DataProtection-Keys' as key repository and Windows DPAPI to encrypt keys at rest.
2020-02-17 14:35:19.1076|INFO|Microsoft.EntityFrameworkCore.Infrastructure|Entity Framework Core 2.2.6-servicing-10079 initialized 'DBContext' using provider 'Microsoft.EntityFrameworkCore.SqlServer' with options: None
2020-02-17 14:35:19.4295|INFO|Microsoft.EntityFrameworkCore.Database.Command|Executed DbCommand (67ms) [Parameters=[], CommandType='Text', CommandTimeout='30']
SELECT CASE
    WHEN EXISTS (
        SELECT 1
        FROM [Categories] AS [c])
    THEN CAST(1 AS BIT) ELSE CAST(0 AS BIT)
END
2020-02-17 14:35:19.5093|INFO|Microsoft.EntityFrameworkCore.Database.Command|Executed DbCommand (27ms) [Parameters=[@__model_Name_0='?' (Size = 300)], CommandType='Text', CommandTimeout='30']
SELECT TOP(2) [t].[Id], [t].[CategoryId], [t].[Countries], [t].[DepartureDate], [t].[DepartureTown], [t].[Description], [t].[Img], [t].[ImgLarge], [t].[IsNightCrossing], [t].[Name], [t].[Period], [t].[Price], [t].[isFavorite]
FROM [Tours] AS [t]
WHERE [t].[Name] = @__model_Name_0
2020-02-17 14:35:19.5737|INFO|Microsoft.EntityFrameworkCore.Database.Command|Executed DbCommand (15ms) [Parameters=[@__model_Name_0='?' (Size = 300)], CommandType='Text', CommandTimeout='30']
SELECT TOP(2) [t].[Id], [t].[CategoryId], [t].[Countries], [t].[DepartureDate], [t].[DepartureTown], [t].[Description], [t].[Img], [t].[ImgLarge], [t].[IsNightCrossing], [t].[Name], [t].[Period], [t].[Price], [t].[isFavorite]
FROM [Tours] AS [t]
WHERE [t].[Name] = @__model_Name_0
2020-02-17 14:35:19.5930|INFO|Microsoft.EntityFrameworkCore.Database.Command|Executed DbCommand (15ms) [Parameters=[@__model_Name_0='?' (Size = 300)], CommandType='Text', CommandTimeout='30']
SELECT TOP(2) [t].[Id], [t].[CategoryId], [t].[Countries], [t].[DepartureDate], [t].[DepartureTown], [t].[Description], [t].[Img], [t].[ImgLarge], [t].[IsNightCrossing], [t].[Name], [t].[Period], [t].[Price], [t].[isFavorite]
FROM [Tours] AS [t]
WHERE [t].[Name] = @__model_Name_0
2020-02-17 14:35:19.6177|INFO|Microsoft.EntityFrameworkCore.Database.Command|Executed DbCommand (14ms) [Parameters=[@__model_Name_0='?' (Size = 300)], CommandType='Text', CommandTimeout='30']
SELECT TOP(2) [t].[Id], [t].[CategoryId], [t].[Countries], [t].[DepartureDate], [t].[DepartureTown], [t].[Description], [t].[Img], [t].[ImgLarge], [t].[IsNightCrossing], [t].[Name], [t].[Period], [t].[Price], [t].[isFavorite]
FROM [Tours] AS [t]
WHERE [t].[Name] = @__model_Name_0
2020-02-17 14:35:19.6356|INFO|Microsoft.EntityFrameworkCore.Database.Command|Executed DbCommand (15ms) [Parameters=[@__model_Name_0='?' (Size = 300)], CommandType='Text', CommandTimeout='30']
SELECT TOP(2) [t].[Id], [t].[CategoryId], [t].[Countries], [t].[DepartureDate], [t].[DepartureTown], [t].[Description], [t].[Img], [t].[ImgLarge], [t].[IsNightCrossing], [t].[Name], [t].[Period], [t].[Price], [t].[isFavorite]
FROM [Tours] AS [t]
WHERE [t].[Name] = @__model_Name_0
2020-02-17 14:35:19.6552|INFO|Microsoft.EntityFrameworkCore.Database.Command|Executed DbCommand (15ms) [Parameters=[@__model_Name_0='?' (Size = 300)], CommandType='Text', CommandTimeout='30']
SELECT TOP(2) [t].[Id], [t].[CategoryId], [t].[Countries], [t].[DepartureDate], [t].[DepartureTown], [t].[Description], [t].[Img], [t].[ImgLarge], [t].[IsNightCrossing], [t].[Name], [t].[Period], [t].[Price], [t].[isFavorite]
FROM [Tours] AS [t]
WHERE [t].[Name] = @__model_Name_0
2020-02-17 14:35:19.6727|INFO|Microsoft.EntityFrameworkCore.Database.Command|Executed DbCommand (14ms) [Parameters=[@__model_Name_0='?' (Size = 300)], CommandType='Text', CommandTimeout='30']
SELECT TOP(2) [t].[Id], [t].[CategoryId], [t].[Countries], [t].[DepartureDate], [t].[DepartureTown], [t].[Description], [t].[Img], [t].[ImgLarge], [t].[IsNightCrossing], [t].[Name], [t].[Period], [t].[Price], [t].[isFavorite]
FROM [Tours] AS [t]
WHERE [t].[Name] = @__model_Name_0
2020-02-17 14:35:19.6942|INFO|Microsoft.EntityFrameworkCore.Database.Command|Executed DbCommand (17ms) [Parameters=[@__model_Name_0='?' (Size = 300)], CommandType='Text', CommandTimeout='30']
SELECT TOP(2) [t].[Id], [t].[CategoryId], [t].[Countries], [t].[DepartureDate], [t].[DepartureTown], [t].[Description], [t].[Img], [t].[ImgLarge], [t].[IsNightCrossing], [t].[Name], [t].[Period], [t].[Price], [t].[isFavorite]
FROM [Tours] AS [t]
WHERE [t].[Name] = @__model_Name_0
2020-02-17 14:35:19.7750|INFO|Microsoft.AspNetCore.Hosting.Internal.WebHost|Request starting HTTP/1.1 GET http://localhost:60757/  
2020-02-17 14:35:19.8551|INFO|Microsoft.AspNetCore.Routing.EndpointMiddleware|Executing endpoint 'MVCTravelAgency.Controllers.HomeController.Index (MVCTravelAgency)'
2020-02-17 14:35:19.8698|INFO|Microsoft.AspNetCore.Mvc.Internal.ControllerActionInvoker|Route matched with {action = "Index", controller = "Home"}. Executing controller action with signature Microsoft.AspNetCore.Mvc.IActionResult Index() on controller MVCTravelAgency.Controllers.HomeController (MVCTravelAgency).
2020-02-17 14:35:19.9492|INFO|Microsoft.AspNetCore.Mvc.Internal.ControllerActionInvoker|Executing action method MVCTravelAgency.Controllers.HomeController.Index (MVCTravelAgency) - Validation state: Valid
2020-02-17 14:35:19.9587|INFO|Microsoft.AspNetCore.Mvc.Internal.ControllerActionInvoker|Executed action method MVCTravelAgency.Controllers.HomeController.Index (MVCTravelAgency), returned result Microsoft.AspNetCore.Mvc.ViewResult in 1.8478ms.
2020-02-17 14:35:19.9841|INFO|Microsoft.AspNetCore.Mvc.ViewFeatures.ViewResultExecutor|Executing ViewResult, running view Index.
2020-02-17 14:35:20.1423|INFO|Microsoft.AspNetCore.Mvc.ViewFeatures.ViewResultExecutor|Executed ViewResult - view Index executed in 168.3034ms.
2020-02-17 14:35:20.1423|INFO|Microsoft.AspNetCore.Mvc.Internal.ControllerActionInvoker|Executed action MVCTravelAgency.Controllers.HomeController.Index (MVCTravelAgency) in 272.3447ms
2020-02-17 14:35:20.1423|INFO|Microsoft.AspNetCore.Routing.EndpointMiddleware|Executed endpoint 'MVCTravelAgency.Controllers.HomeController.Index (MVCTravelAgency)'
2020-02-17 14:35:20.1597|INFO|Microsoft.AspNetCore.Hosting.Internal.WebHost|Request finished in 384.0457ms 200 text/html; charset=utf-8
2020-02-17 14:35:21.7981|INFO|Microsoft.AspNetCore.Hosting.Internal.WebHost|Request starting HTTP/1.1 GET http://localhost:60757/Account/Register  
2020-02-17 14:35:21.8143|INFO|Microsoft.AspNetCore.Routing.EndpointMiddleware|Executing endpoint 'MVCTravelAgency.Controllers.AccountController.Register (MVCTravelAgency)'
2020-02-17 14:35:21.8517|INFO|Microsoft.AspNetCore.Mvc.Internal.ControllerActionInvoker|Route matched with {action = "Register", controller = "Account"}. Executing controller action with signature Microsoft.AspNetCore.Mvc.IActionResult Register() on controller MVCTravelAgency.Controllers.AccountController (MVCTravelAgency).
2020-02-17 14:35:21.8626|INFO|Microsoft.AspNetCore.Mvc.Internal.ControllerActionInvoker|Executed action MVCTravelAgency.Controllers.AccountController.Register (MVCTravelAgency) in 3.3778ms
2020-02-17 14:35:21.8626|INFO|Microsoft.AspNetCore.Routing.EndpointMiddleware|Executed endpoint 'MVCTravelAgency.Controllers.AccountController.Register (MVCTravelAgency)'
2020-02-17 14:35:21.9234|ERROR|Microsoft.AspNetCore.Diagnostics.DeveloperExceptionPageMiddleware|An unhandled exception has occurred while executing the request.
2020-02-17 14:35:22.0064|INFO|Microsoft.AspNetCore.Hosting.Internal.WebHost|Request finished in 205.8652ms 500 text/html; charset=utf-8
2020-02-17 14:35:56.5308|INFO|Microsoft.AspNetCore.DataProtection.KeyManagement.XmlKeyManager|User profile is available. Using 'C:\Users\admin\AppData\Local\ASP.NET\DataProtection-Keys' as key repository and Windows DPAPI to encrypt keys at rest.
2020-02-17 14:35:57.4401|INFO|Microsoft.EntityFrameworkCore.Infrastructure|Entity Framework Core 2.2.6-servicing-10079 initialized 'DBContext' using provider 'Microsoft.EntityFrameworkCore.SqlServer' with options: None
2020-02-17 14:35:57.7744|INFO|Microsoft.EntityFrameworkCore.Database.Command|Executed DbCommand (113ms) [Parameters=[], CommandType='Text', CommandTimeout='30']
SELECT CASE
    WHEN EXISTS (
        SELECT 1
        FROM [Categories] AS [c])
    THEN CAST(1 AS BIT) ELSE CAST(0 AS BIT)
END
2020-02-17 14:35:57.8488|INFO|Microsoft.EntityFrameworkCore.Database.Command|Executed DbCommand (21ms) [Parameters=[@__model_Name_0='?' (Size = 300)], CommandType='Text', CommandTimeout='30']
SELECT TOP(2) [t].[Id], [t].[CategoryId], [t].[Countries], [t].[DepartureDate], [t].[DepartureTown], [t].[Description], [t].[Img], [t].[ImgLarge], [t].[IsNightCrossing], [t].[Name], [t].[Period], [t].[Price], [t].[isFavorite]
FROM [Tours] AS [t]
WHERE [t].[Name] = @__model_Name_0
2020-02-17 14:35:57.9172|INFO|Microsoft.EntityFrameworkCore.Database.Command|Executed DbCommand (16ms) [Parameters=[@__model_Name_0='?' (Size = 300)], CommandType='Text', CommandTimeout='30']
SELECT TOP(2) [t].[Id], [t].[CategoryId], [t].[Countries], [t].[DepartureDate], [t].[DepartureTown], [t].[Description], [t].[Img], [t].[ImgLarge], [t].[IsNightCrossing], [t].[Name], [t].[Period], [t].[Price], [t].[isFavorite]
FROM [Tours] AS [t]
WHERE [t].[Name] = @__model_Name_0
2020-02-17 14:35:57.9361|INFO|Microsoft.EntityFrameworkCore.Database.Command|Executed DbCommand (16ms) [Parameters=[@__model_Name_0='?' (Size = 300)], CommandType='Text', CommandTimeout='30']
SELECT TOP(2) [t].[Id], [t].[CategoryId], [t].[Countries], [t].[DepartureDate], [t].[DepartureTown], [t].[Description], [t].[Img], [t].[ImgLarge], [t].[IsNightCrossing], [t].[Name], [t].[Period], [t].[Price], [t].[isFavorite]
FROM [Tours] AS [t]
WHERE [t].[Name] = @__model_Name_0
2020-02-17 14:35:57.9603|INFO|Microsoft.EntityFrameworkCore.Database.Command|Executed DbCommand (14ms) [Parameters=[@__model_Name_0='?' (Size = 300)], CommandType='Text', CommandTimeout='30']
SELECT TOP(2) [t].[Id], [t].[CategoryId], [t].[Countries], [t].[DepartureDate], [t].[DepartureTown], [t].[Description], [t].[Img], [t].[ImgLarge], [t].[IsNightCrossing], [t].[Name], [t].[Period], [t].[Price], [t].[isFavorite]
FROM [Tours] AS [t]
WHERE [t].[Name] = @__model_Name_0
2020-02-17 14:35:57.9790|INFO|Microsoft.EntityFrameworkCore.Database.Command|Executed DbCommand (16ms) [Parameters=[@__model_Name_0='?' (Size = 300)], CommandType='Text', CommandTimeout='30']
SELECT TOP(2) [t].[Id], [t].[CategoryId], [t].[Countries], [t].[DepartureDate], [t].[DepartureTown], [t].[Description], [t].[Img], [t].[ImgLarge], [t].[IsNightCrossing], [t].[Name], [t].[Period], [t].[Price], [t].[isFavorite]
FROM [Tours] AS [t]
WHERE [t].[Name] = @__model_Name_0
2020-02-17 14:35:57.9976|INFO|Microsoft.EntityFrameworkCore.Database.Command|Executed DbCommand (16ms) [Parameters=[@__model_Name_0='?' (Size = 300)], CommandType='Text', CommandTimeout='30']
SELECT TOP(2) [t].[Id], [t].[CategoryId], [t].[Countries], [t].[DepartureDate], [t].[DepartureTown], [t].[Description], [t].[Img], [t].[ImgLarge], [t].[IsNightCrossing], [t].[Name], [t].[Period], [t].[Price], [t].[isFavorite]
FROM [Tours] AS [t]
WHERE [t].[Name] = @__model_Name_0
2020-02-17 14:35:58.0143|INFO|Microsoft.EntityFrameworkCore.Database.Command|Executed DbCommand (14ms) [Parameters=[@__model_Name_0='?' (Size = 300)], CommandType='Text', CommandTimeout='30']
SELECT TOP(2) [t].[Id], [t].[CategoryId], [t].[Countries], [t].[DepartureDate], [t].[DepartureTown], [t].[Description], [t].[Img], [t].[ImgLarge], [t].[IsNightCrossing], [t].[Name], [t].[Period], [t].[Price], [t].[isFavorite]
FROM [Tours] AS [t]
WHERE [t].[Name] = @__model_Name_0
2020-02-17 14:35:58.0312|INFO|Microsoft.EntityFrameworkCore.Database.Command|Executed DbCommand (14ms) [Parameters=[@__model_Name_0='?' (Size = 300)], CommandType='Text', CommandTimeout='30']
SELECT TOP(2) [t].[Id], [t].[CategoryId], [t].[Countries], [t].[DepartureDate], [t].[DepartureTown], [t].[Description], [t].[Img], [t].[ImgLarge], [t].[IsNightCrossing], [t].[Name], [t].[Period], [t].[Price], [t].[isFavorite]
FROM [Tours] AS [t]
WHERE [t].[Name] = @__model_Name_0
2020-02-17 14:35:58.1079|INFO|Microsoft.AspNetCore.Hosting.Internal.WebHost|Request starting HTTP/1.1 GET http://localhost:60757/  
2020-02-17 14:35:58.1783|INFO|Microsoft.AspNetCore.Routing.EndpointMiddleware|Executing endpoint 'MVCTravelAgency.Controllers.HomeController.Index (MVCTravelAgency)'
2020-02-17 14:35:58.1911|INFO|Microsoft.AspNetCore.Mvc.Internal.ControllerActionInvoker|Route matched with {action = "Index", controller = "Home"}. Executing controller action with signature Microsoft.AspNetCore.Mvc.IActionResult Index() on controller MVCTravelAgency.Controllers.HomeController (MVCTravelAgency).
2020-02-17 14:35:58.2528|INFO|Microsoft.AspNetCore.Mvc.Internal.ControllerActionInvoker|Executing action method MVCTravelAgency.Controllers.HomeController.Index (MVCTravelAgency) - Validation state: Valid
2020-02-17 14:35:58.2528|INFO|Microsoft.AspNetCore.Mvc.Internal.ControllerActionInvoker|Executed action method MVCTravelAgency.Controllers.HomeController.Index (MVCTravelAgency), returned result Microsoft.AspNetCore.Mvc.ViewResult in 1.3186ms.
2020-02-17 14:35:58.2933|INFO|Microsoft.AspNetCore.Mvc.ViewFeatures.ViewResultExecutor|Executing ViewResult, running view Index.
2020-02-17 14:35:58.5138|INFO|Microsoft.AspNetCore.Mvc.ViewFeatures.ViewResultExecutor|Executed ViewResult - view Index executed in 237.8571ms.
2020-02-17 14:35:58.5138|INFO|Microsoft.AspNetCore.Mvc.Internal.ControllerActionInvoker|Executed action MVCTravelAgency.Controllers.HomeController.Index (MVCTravelAgency) in 322.9911ms
2020-02-17 14:35:58.5138|INFO|Microsoft.AspNetCore.Routing.EndpointMiddleware|Executed endpoint 'MVCTravelAgency.Controllers.HomeController.Index (MVCTravelAgency)'
2020-02-17 14:35:58.5475|INFO|Microsoft.AspNetCore.Hosting.Internal.WebHost|Request finished in 426.2235ms 200 text/html; charset=utf-8
2020-02-17 14:36:04.1361|INFO|Microsoft.AspNetCore.Hosting.Internal.WebHost|Request starting HTTP/1.1 GET http://localhost:60757/Account/Register  
2020-02-17 14:36:04.1461|INFO|Microsoft.AspNetCore.Routing.EndpointMiddleware|Executing endpoint 'MVCTravelAgency.Controllers.AccountController.Register (MVCTravelAgency)'
2020-02-17 14:36:04.1461|INFO|Microsoft.AspNetCore.Mvc.Internal.ControllerActionInvoker|Route matched with {action = "Register", controller = "Account"}. Executing controller action with signature Microsoft.AspNetCore.Mvc.IActionResult Register() on controller MVCTravelAgency.Controllers.AccountController (MVCTravelAgency).
2020-02-17 14:36:04.1717|INFO|Microsoft.AspNetCore.Mvc.Internal.ControllerActionInvoker|Executed action MVCTravelAgency.Controllers.AccountController.Register (MVCTravelAgency) in 15.3795ms
2020-02-17 14:36:04.1717|INFO|Microsoft.AspNetCore.Routing.EndpointMiddleware|Executed endpoint 'MVCTravelAgency.Controllers.AccountController.Register (MVCTravelAgency)'
2020-02-17 14:36:04.2524|ERROR|Microsoft.AspNetCore.Diagnostics.DeveloperExceptionPageMiddleware|An unhandled exception has occurred while executing the request.
2020-02-17 14:36:04.3319|INFO|Microsoft.AspNetCore.Hosting.Internal.WebHost|Request finished in 195.3057ms 500 text/html; charset=utf-8
2020-02-17 14:36:21.0776|INFO|Microsoft.AspNetCore.DataProtection.KeyManagement.XmlKeyManager|User profile is available. Using 'C:\Users\admin\AppData\Local\ASP.NET\DataProtection-Keys' as key repository and Windows DPAPI to encrypt keys at rest.
2020-02-17 14:36:21.9544|INFO|Microsoft.EntityFrameworkCore.Infrastructure|Entity Framework Core 2.2.6-servicing-10079 initialized 'DBContext' using provider 'Microsoft.EntityFrameworkCore.SqlServer' with options: None
2020-02-17 14:36:22.2405|INFO|Microsoft.EntityFrameworkCore.Database.Command|Executed DbCommand (34ms) [Parameters=[], CommandType='Text', CommandTimeout='30']
SELECT CASE
    WHEN EXISTS (
        SELECT 1
        FROM [Categories] AS [c])
    THEN CAST(1 AS BIT) ELSE CAST(0 AS BIT)
END
2020-02-17 14:36:22.3254|INFO|Microsoft.EntityFrameworkCore.Database.Command|Executed DbCommand (24ms) [Parameters=[@__model_Name_0='?' (Size = 300)], CommandType='Text', CommandTimeout='30']
SELECT TOP(2) [t].[Id], [t].[CategoryId], [t].[Countries], [t].[DepartureDate], [t].[DepartureTown], [t].[Description], [t].[Img], [t].[ImgLarge], [t].[IsNightCrossing], [t].[Name], [t].[Period], [t].[Price], [t].[isFavorite]
FROM [Tours] AS [t]
WHERE [t].[Name] = @__model_Name_0
2020-02-17 14:36:22.3930|INFO|Microsoft.EntityFrameworkCore.Database.Command|Executed DbCommand (16ms) [Parameters=[@__model_Name_0='?' (Size = 300)], CommandType='Text', CommandTimeout='30']
SELECT TOP(2) [t].[Id], [t].[CategoryId], [t].[Countries], [t].[DepartureDate], [t].[DepartureTown], [t].[Description], [t].[Img], [t].[ImgLarge], [t].[IsNightCrossing], [t].[Name], [t].[Period], [t].[Price], [t].[isFavorite]
FROM [Tours] AS [t]
WHERE [t].[Name] = @__model_Name_0
2020-02-17 14:36:22.4237|INFO|Microsoft.EntityFrameworkCore.Database.Command|Executed DbCommand (24ms) [Parameters=[@__model_Name_0='?' (Size = 300)], CommandType='Text', CommandTimeout='30']
SELECT TOP(2) [t].[Id], [t].[CategoryId], [t].[Countries], [t].[DepartureDate], [t].[DepartureTown], [t].[Description], [t].[Img], [t].[ImgLarge], [t].[IsNightCrossing], [t].[Name], [t].[Period], [t].[Price], [t].[isFavorite]
FROM [Tours] AS [t]
WHERE [t].[Name] = @__model_Name_0
2020-02-17 14:36:22.4478|INFO|Microsoft.EntityFrameworkCore.Database.Command|Executed DbCommand (20ms) [Parameters=[@__model_Name_0='?' (Size = 300)], CommandType='Text', CommandTimeout='30']
SELECT TOP(2) [t].[Id], [t].[CategoryId], [t].[Countries], [t].[DepartureDate], [t].[DepartureTown], [t].[Description], [t].[Img], [t].[ImgLarge], [t].[IsNightCrossing], [t].[Name], [t].[Period], [t].[Price], [t].[isFavorite]
FROM [Tours] AS [t]
WHERE [t].[Name] = @__model_Name_0
2020-02-17 14:36:22.4737|INFO|Microsoft.EntityFrameworkCore.Database.Command|Executed DbCommand (15ms) [Parameters=[@__model_Name_0='?' (Size = 300)], CommandType='Text', CommandTimeout='30']
SELECT TOP(2) [t].[Id], [t].[CategoryId], [t].[Countries], [t].[DepartureDate], [t].[DepartureTown], [t].[Description], [t].[Img], [t].[ImgLarge], [t].[IsNightCrossing], [t].[Name], [t].[Period], [t].[Price], [t].[isFavorite]
FROM [Tours] AS [t]
WHERE [t].[Name] = @__model_Name_0
2020-02-17 14:36:22.4918|INFO|Microsoft.EntityFrameworkCore.Database.Command|Executed DbCommand (15ms) [Parameters=[@__model_Name_0='?' (Size = 300)], CommandType='Text', CommandTimeout='30']
SELECT TOP(2) [t].[Id], [t].[CategoryId], [t].[Countries], [t].[DepartureDate], [t].[DepartureTown], [t].[Description], [t].[Img], [t].[ImgLarge], [t].[IsNightCrossing], [t].[Name], [t].[Period], [t].[Price], [t].[isFavorite]
FROM [Tours] AS [t]
WHERE [t].[Name] = @__model_Name_0
2020-02-17 14:36:22.5090|INFO|Microsoft.EntityFrameworkCore.Database.Command|Executed DbCommand (14ms) [Parameters=[@__model_Name_0='?' (Size = 300)], CommandType='Text', CommandTimeout='30']
SELECT TOP(2) [t].[Id], [t].[CategoryId], [t].[Countries], [t].[DepartureDate], [t].[DepartureTown], [t].[Description], [t].[Img], [t].[ImgLarge], [t].[IsNightCrossing], [t].[Name], [t].[Period], [t].[Price], [t].[isFavorite]
FROM [Tours] AS [t]
WHERE [t].[Name] = @__model_Name_0
2020-02-17 14:36:22.5269|INFO|Microsoft.EntityFrameworkCore.Database.Command|Executed DbCommand (15ms) [Parameters=[@__model_Name_0='?' (Size = 300)], CommandType='Text', CommandTimeout='30']
SELECT TOP(2) [t].[Id], [t].[CategoryId], [t].[Countries], [t].[DepartureDate], [t].[DepartureTown], [t].[Description], [t].[Img], [t].[ImgLarge], [t].[IsNightCrossing], [t].[Name], [t].[Period], [t].[Price], [t].[isFavorite]
FROM [Tours] AS [t]
WHERE [t].[Name] = @__model_Name_0
2020-02-17 14:36:22.6105|INFO|Microsoft.AspNetCore.Hosting.Internal.WebHost|Request starting HTTP/1.1 GET http://localhost:60757/  
2020-02-17 14:36:22.7047|INFO|Microsoft.AspNetCore.Routing.EndpointMiddleware|Executing endpoint 'MVCTravelAgency.Controllers.HomeController.Index (MVCTravelAgency)'
2020-02-17 14:36:22.7257|INFO|Microsoft.AspNetCore.Mvc.Internal.ControllerActionInvoker|Route matched with {action = "Index", controller = "Home"}. Executing controller action with signature Microsoft.AspNetCore.Mvc.IActionResult Index() on controller MVCTravelAgency.Controllers.HomeController (MVCTravelAgency).
2020-02-17 14:36:22.7970|INFO|Microsoft.AspNetCore.Mvc.Internal.ControllerActionInvoker|Executing action method MVCTravelAgency.Controllers.HomeController.Index (MVCTravelAgency) - Validation state: Valid
2020-02-17 14:36:22.7970|INFO|Microsoft.AspNetCore.Mvc.Internal.ControllerActionInvoker|Executed action method MVCTravelAgency.Controllers.HomeController.Index (MVCTravelAgency), returned result Microsoft.AspNetCore.Mvc.ViewResult in 1.4266ms.
2020-02-17 14:36:22.8351|INFO|Microsoft.AspNetCore.Mvc.ViewFeatures.ViewResultExecutor|Executing ViewResult, running view Index.
2020-02-17 14:36:23.0019|INFO|Microsoft.AspNetCore.Mvc.ViewFeatures.ViewResultExecutor|Executed ViewResult - view Index executed in 183.672ms.
2020-02-17 14:36:23.0019|INFO|Microsoft.AspNetCore.Mvc.Internal.ControllerActionInvoker|Executed action MVCTravelAgency.Controllers.HomeController.Index (MVCTravelAgency) in 276.6437ms
2020-02-17 14:36:23.0019|INFO|Microsoft.AspNetCore.Routing.EndpointMiddleware|Executed endpoint 'MVCTravelAgency.Controllers.HomeController.Index (MVCTravelAgency)'
2020-02-17 14:36:23.0610|INFO|Microsoft.AspNetCore.Hosting.Internal.WebHost|Request finished in 415.6245ms 200 text/html; charset=utf-8
2020-02-17 14:36:23.9650|INFO|Microsoft.AspNetCore.Hosting.Internal.WebHost|Request starting HTTP/1.1 GET http://localhost:60757/Account/Register  
2020-02-17 14:36:23.9761|INFO|Microsoft.AspNetCore.Routing.EndpointMiddleware|Executing endpoint 'MVCTravelAgency.Controllers.AccountController.Register (MVCTravelAgency)'
2020-02-17 14:36:23.9930|INFO|Microsoft.AspNetCore.Mvc.Internal.ControllerActionInvoker|Route matched with {action = "Register", controller = "Account"}. Executing controller action with signature Microsoft.AspNetCore.Mvc.IActionResult Register() on controller MVCTravelAgency.Controllers.AccountController (MVCTravelAgency).
2020-02-17 14:36:23.9999|INFO|Microsoft.AspNetCore.Mvc.Internal.ControllerActionInvoker|Executed action MVCTravelAgency.Controllers.AccountController.Register (MVCTravelAgency) in 2.1812ms
2020-02-17 14:36:23.9999|INFO|Microsoft.AspNetCore.Routing.EndpointMiddleware|Executed endpoint 'MVCTravelAgency.Controllers.AccountController.Register (MVCTravelAgency)'
2020-02-17 14:36:24.0426|ERROR|Microsoft.AspNetCore.Diagnostics.DeveloperExceptionPageMiddleware|An unhandled exception has occurred while executing the request.
2020-02-17 14:36:24.1095|INFO|Microsoft.AspNetCore.Hosting.Internal.WebHost|Request finished in 144.4814ms 500 text/html; charset=utf-8
